Unity Editor version:    2020.3.18f1 (a7d1c678663c)
Branch:                  2020.3/staging
Build type:              Release
Batch mode:              YES
System name:             Linux
Distro version:          #1 SMP Debian 5.10.46-1kali1 (2021-06-25)
Kernel version:          5.10.0-kali9-amd64
Architecture:            x86_64
Available memory:        31711 MB
Using pre-set license
Pro License: NO
Desktop is 1920 x 1080 @ 60 Hz

COMMAND LINE ARGUMENTS:
Unity
-adb2
-batchMode
-noUpm
-name
AssetImportWorker0
-projectPath
/home/harold/Downloads/Golem and Pumpkins
-logFile
Logs/AssetImportWorker0.log
-srvPort
37483
Successfully changed project path to: /home/harold/Downloads/Golem and Pumpkins
/home/harold/Downloads/Golem and Pumpkins
Using Asset Import Pipeline V2.
Refreshing native plugins compatible for Editor in 30,53 ms, found 0 plugins.
Preloading 0 native plugins for Editor in 0,00 ms.
Initialize engine version: 2020.3.18f1 (a7d1c678663c)
[Subsystems] Discovering subsystems at path /home/harold/Unity/Hub/Editor/2020.3.18f1/Editor/Data/Resources/UnitySubsystems
[Subsystems] Discovering subsystems at path /home/harold/Downloads/Golem and Pumpkins/Assets
GLX Extensions: GLX_ARB_create_context GLX_ARB_create_context_no_error GLX_ARB_create_context_profile GLX_ARB_create_context_robustness GLX_ARB_fbconfig_float GLX_ARB_framebuffer_sRGB GLX_ARB_get_proc_address GLX_ARB_multisample GLX_EXT_buffer_age GLX_EXT_create_context_es2_profile GLX_EXT_create_context_es_profile GLX_EXT_fbconfig_packed_float GLX_EXT_framebuffer_sRGB GLX_EXT_import_context GLX_EXT_swap_control GLX_EXT_swap_control_tear GLX_EXT_texture_from_pixmap GLX_EXT_visual_info GLX_EXT_visual_rating GLX_INTEL_swap_event GLX_MESA_copy_sub_buffer GLX_MESA_query_renderer GLX_MESA_swap_control GLX_OML_swap_method GLX_OML_sync_control GLX_SGIS_multisample GLX_SGIX_fbconfig GLX_SGIX_pbuffer GLX_SGIX_visual_select_group GLX_SGI_make_current_read GLX_SGI_swap_control GLX_SGI_video_sync 
Renderer: Mesa Intel(R) UHD Graphics (CML GT2)
Vendor:   Intel
Version:  4.6 (Core Profile) Mesa 20.3.5
GLES:     0
 GL_3DFX_texture_compression_FXT1 GL_AMD_conservative_depth GL_AMD_depth_clamp_separate GL_AMD_draw_buffers_blend GL_AMD_gpu_shader_int64 GL_AMD_multi_draw_indirect GL_AMD_performance_monitor GL_AMD_pinned_memory GL_AMD_query_buffer_object GL_AMD_seamless_cubemap_per_texture GL_AMD_shader_stencil_export GL_AMD_shader_trinary_minmax GL_AMD_texture_texture4 GL_AMD_vertex_shader_layer GL_AMD_vertex_shader_viewport_index GL_ANGLE_texture_compression_dxt3 GL_ANGLE_texture_compression_dxt5 GL_ARB_ES2_compatibility GL_ARB_ES3_1_compatibility GL_ARB_ES3_2_compatibility GL_ARB_ES3_compatibility GL_ARB_arrays_of_arrays GL_ARB_base_instance GL_ARB_blend_func_extended GL_ARB_buffer_storage GL_ARB_clear_buffer_object GL_ARB_clear_texture GL_ARB_clip_control GL_ARB_compressed_texture_pixel_storage GL_ARB_compute_shader GL_ARB_compute_variable_group_size GL_ARB_conditional_render_inverted GL_ARB_conservative_depth GL_ARB_copy_buffer GL_ARB_copy_image GL_ARB_cull_distance GL_ARB_debug_output GL_ARB_depth_buffer_float GL_ARB
_depth_clamp GL_ARB_derivative_control GL_ARB_direct_state_access GL_ARB_draw_buffers GL_ARB_draw_buffers_blend GL_ARB_draw_elements_base_vertex GL_ARB_draw_indirect GL_ARB_draw_instanced GL_ARB_enhanced_layouts GL_ARB_explicit_attrib_location GL_ARB_explicit_uniform_location GL_ARB_fragment_coord_conventions GL_ARB_fragment_layer_viewport GL_ARB_fragment_shader GL_ARB_fragment_shader_interlock GL_ARB_framebuffer_no_attachments GL_ARB_framebuffer_object GL_ARB_framebuffer_sRGB GL_ARB_get_program_binary GL_ARB_get_texture_sub_image GL_ARB_gl_spirv GL_ARB_gpu_shader5 GL_ARB_gpu_shader_fp64 GL_ARB_gpu_shader_int64 GL_ARB_half_float_pixel GL_ARB_half_float_vertex GL_ARB_indirect_parameters GL_ARB_instanced_arrays GL_ARB_internalformat_query GL_ARB_internalformat_query2 GL_ARB_invalidate_subdata GL_ARB_map_buffer_alignment GL_ARB_map_buffer_range GL_ARB_multi_bind GL_ARB_multi_draw_indirect GL_ARB_occlusion_query2 GL_ARB_parallel_shader_compile GL_ARB_pipeline_statistics_query GL_ARB_pixel_buffer_object GL_ARB_po
int_sprite GL_ARB_polygon_offset_clamp GL_ARB_post_depth_coverage GL_ARB_program_interface_query GL_ARB_provoking_vertex GL_ARB_query_buffer_object GL_ARB_robust_buffer_access_behavior GL_ARB_robustness GL_ARB_sample_shading GL_ARB_sampler_objects GL_ARB_seamless_cube_map GL_ARB_seamless_cubemap_per_texture GL_ARB_separate_shader_objects GL_ARB_shader_atomic_counter_ops GL_ARB_shader_atomic_counters GL_ARB_shader_ballot GL_ARB_shader_bit_encoding GL_ARB_shader_clock GL_ARB_shader_draw_parameters GL_ARB_shader_group_vote GL_ARB_shader_image_load_store GL_ARB_shader_image_size GL_ARB_shader_objects GL_ARB_shader_precision GL_ARB_shader_stencil_export GL_ARB_shader_storage_buffer_object GL_ARB_shader_subroutine GL_ARB_shader_texture_image_samples GL_ARB_shader_texture_lod GL_ARB_shader_viewport_layer_array GL_ARB_shading_language_420pack GL_ARB_shading_language_include GL_ARB_shading_language_packing GL_ARB_spirv_extensions GL_ARB_stencil_texturing GL_ARB_sync GL_ARB_tessellation_shader GL_ARB_texture_barrier G
L_ARB_texture_buffer_object GL_ARB_texture_buffer_object_rgb32 GL_ARB_texture_buffer_range GL_ARB_texture_compression_bptc GL_ARB_texture_compression_rgtc GL_ARB_texture_cube_map_array GL_ARB_texture_filter_anisotropic GL_ARB_texture_float GL_ARB_texture_gather GL_ARB_texture_mirror_clamp_to_edge GL_ARB_texture_multisample GL_ARB_texture_non_power_of_two GL_ARB_texture_query_levels GL_ARB_texture_query_lod GL_ARB_texture_rectangle GL_ARB_texture_rg GL_ARB_texture_rgb10_a2ui GL_ARB_texture_stencil8 GL_ARB_texture_storage GL_ARB_texture_storage_multisample GL_ARB_texture_swizzle GL_ARB_texture_view GL_ARB_timer_query GL_ARB_transform_feedback2 GL_ARB_transform_feedback3 GL_ARB_transform_feedback_instanced GL_ARB_transform_feedback_overflow_query GL_ARB_uniform_buffer_object GL_ARB_vertex_array_bgra GL_ARB_vertex_array_object GL_ARB_vertex_attrib_64bit GL_ARB_vertex_attrib_binding GL_ARB_vertex_buffer_object GL_ARB_vertex_shader GL_ARB_vertex_type_10f_11f_11f_rev GL_ARB_vertex_type_2_10_10_10_rev GL_ARB_viewpor
t_array GL_ATI_blend_equation_separate GL_ATI_texture_float GL_EXT_EGL_image_storage GL_EXT_EGL_sync GL_EXT_abgr GL_EXT_blend_equation_separate GL_EXT_demote_to_helper_invocation GL_EXT_draw_buffers2 GL_EXT_draw_instanced GL_EXT_framebuffer_blit GL_EXT_framebuffer_multisample GL_EXT_framebuffer_multisample_blit_scaled GL_EXT_framebuffer_object GL_EXT_framebuffer_sRGB GL_EXT_packed_depth_stencil GL_EXT_packed_float GL_EXT_pixel_buffer_object GL_EXT_polygon_offset_clamp GL_EXT_provoking_vertex GL_EXT_semaphore GL_EXT_semaphore_fd GL_EXT_shader_framebuffer_fetch GL_EXT_shader_framebuffer_fetch_non_coherent GL_EXT_shader_integer_mix GL_EXT_shader_samples_identical GL_EXT_texture_array GL_EXT_texture_compression_dxt1 GL_EXT_texture_compression_rgtc GL_EXT_texture_compression_s3tc GL_EXT_texture_filter_anisotropic GL_EXT_texture_integer GL_EXT_texture_sRGB GL_EXT_texture_sRGB_R8 GL_EXT_texture_sRGB_decode GL_EXT_texture_shadow_lod GL_EXT_texture_shared_exponent GL_EXT_texture_snorm GL_EXT_texture_swizzle GL_EXT_ti
mer_query GL_EXT_transform_feedback GL_EXT_vertex_array_bgra GL_EXT_vertex_attrib_64bit GL_IBM_multimode_draw_arrays GL_INTEL_blackhole_render GL_INTEL_conservative_rasterization GL_INTEL_performance_query GL_INTEL_shader_atomic_float_minmax GL_INTEL_shader_integer_functions2 GL_KHR_blend_equation_advanced GL_KHR_blend_equation_advanced_coherent GL_KHR_context_flush_control GL_KHR_debug GL_KHR_no_error GL_KHR_parallel_shader_compile GL_KHR_robust_buffer_access_behavior GL_KHR_robustness GL_KHR_texture_compression_astc_ldr GL_KHR_texture_compression_astc_sliced_3d GL_MESA_framebuffer_flip_y GL_MESA_pack_invert GL_MESA_shader_integer_functions GL_MESA_texture_signed_rgba GL_NV_compute_shader_derivatives GL_NV_conditional_render GL_NV_copy_image GL_NV_depth_clamp GL_NV_fragment_shader_interlock GL_NV_packed_depth_stencil GL_NV_texture_barrier GL_OES_EGL_image GL_S3_s3tc
OPENGL LOG: Creating OpenGL 4.6 graphics device ; Context level  <OpenGL 4.5> ; Context handle -510088688
Initialize mono
Mono path[0] = '/home/harold/Unity/Hub/Editor/2020.3.18f1/Editor/Data/Managed'
Mono path[1] = '/home/harold/Unity/Hub/Editor/2020.3.18f1/Editor/Data/MonoBleedingEdge/lib/mono/unityjit'
Mono config path = '/home/harold/Unity/Hub/Editor/2020.3.18f1/Editor/Data/MonoBleedingEdge/etc'
Using monoOptions --debugger-agent=transport=dt_socket,embedding=1,server=y,suspend=n,address=127.0.0.1:56612
Begin MonoManager ReloadAssembly
Registering precompiled unity dll's ...
Register platform support module: /home/harold/Unity/Hub/Editor/2020.3.18f1/Editor/Data/PlaybackEngines/WebGLSupport/UnityEditor.WebGL.Extensions.dll
Register platform support module: /home/harold/Unity/Hub/Editor/2020.3.18f1/Editor/Data/PlaybackEngines/MacStandaloneSupport/UnityEditor.OSXStandalone.Extensions.dll
Register platform support module: /home/harold/Unity/Hub/Editor/2020.3.18f1/Editor/Data/PlaybackEngines/WindowsStandaloneSupport/UnityEditor.WindowsStandalone.Extensions.dll
Register platform support module: /home/harold/Unity/Hub/Editor/2020.3.18f1/Editor/Data/PlaybackEngines/LinuxStandaloneSupport/UnityEditor.LinuxStandalone.Extensions.dll
Registered in 0,001347 seconds.
Native extension for LinuxStandalone target not found
Native extension for WindowsStandalone target not found
Native extension for OSXStandalone target not found
Native extension for WebGL target not found
Refreshing native plugins compatible for Editor in 31,55 ms, found 0 plugins.
Preloading 0 native plugins for Editor in 0,00 ms.
Mono: successfully reloaded assembly
- Completed reload, in  1,555 seconds
Domain Reload Profiling:
	ReloadAssembly (1555ms)
		BeginReloadAssembly (32ms)
			ExecutionOrderSort (0ms)
			DisableScriptedObjects (0ms)
			BackupInstance (0ms)
			ReleaseScriptingObjects (0ms)
			CreateAndSetChildDomain (1ms)
		EndReloadAssembly (440ms)
			LoadAssemblies (30ms)
			RebuildTransferFunctionScriptingTraits (0ms)
			SetupTypeCache (163ms)
			ReleaseScriptCaches (0ms)
			RebuildScriptCaches (37ms)
			SetupLoadedEditorAssemblies (181ms)
				LogAssemblyErrors (0ms)
				InitializePlatformSupportModulesInManaged (6ms)
				SetLoadedEditorAssemblies (0ms)
				RefreshPlugins (32ms)
				BeforeProcessingInitializeOnLoad (9ms)
				ProcessInitializeOnLoadAttributes (104ms)
				ProcessInitializeOnLoadMethodAttributes (30ms)
				AfterProcessingInitializeOnLoad (0ms)
				EditorAssembliesLoaded (0ms)
			ExecutionOrderSort2 (0ms)
			AwakeInstancesAfterBackupRestoration (0ms)
Platform modules already initialized, skipping
Registering precompiled user dll's ...
Registered in 0,001247 seconds.
Begin MonoManager ReloadAssembly
Native extension for LinuxStandalone target not found
Native extension for WindowsStandalone target not found
Native extension for OSXStandalone target not found
Native extension for WebGL target not found
Refreshing native plugins compatible for Editor in 0,27 ms, found 0 plugins.
Preloading 0 native plugins for Editor in 0,00 ms.
Mono: successfully reloaded assembly
- Completed reload, in  0,977 seconds
Domain Reload Profiling:
	ReloadAssembly (977ms)
		BeginReloadAssembly (122ms)
			ExecutionOrderSort (0ms)
			DisableScriptedObjects (5ms)
			BackupInstance (0ms)
			ReleaseScriptingObjects (0ms)
			CreateAndSetChildDomain (17ms)
		EndReloadAssembly (798ms)
			LoadAssemblies (60ms)
			RebuildTransferFunctionScriptingTraits (0ms)
			SetupTypeCache (273ms)
			ReleaseScriptCaches (0ms)
			RebuildScriptCaches (47ms)
			SetupLoadedEditorAssemblies (309ms)
				LogAssemblyErrors (0ms)
				InitializePlatformSupportModulesInManaged (16ms)
				SetLoadedEditorAssemblies (0ms)
				RefreshPlugins (0ms)
				BeforeProcessingInitializeOnLoad (60ms)
				ProcessInitializeOnLoadAttributes (225ms)
				ProcessInitializeOnLoadMethodAttributes (4ms)
				AfterProcessingInitializeOnLoad (4ms)
				EditorAssembliesLoaded (0ms)
			ExecutionOrderSort2 (0ms)
			AwakeInstancesAfterBackupRestoration (7ms)
Platform modules already initialized, skipping
========================================================================
Worker process is ready to serve import requests
Launched and connected shader compiler UnityShaderCompiler after 0.01 seconds
Refreshing native plugins compatible for Editor in 0,29 ms, found 0 plugins.
Preloading 0 native plugins for Editor in 0,00 ms.
Unloading 1404 Unused Serialized files (Serialized files now loaded: 0)
System memory in use before: 59,5 MB.
System memory in use after: 59,6 MB.

Unloading 16 unused Assets to reduce memory usage. Loaded Objects now: 1839.
Total: 5,394257 ms (FindLiveObjects: 0,162598 ms CreateObjectMapping: 0,046871 ms MarkObjects: 5,071261 ms  DeleteObjects: 0,112218 ms)

AssetImportParameters requested are different than current active one (requested -> active):
  custom:video-decoder-ogg-theora: a1e56fd34408186e4bbccfd4996cb3dc -> 
  custom:container-muxer-webm: aa71ff27fc2769a1b78a27578f13a17b -> 
  custom:container-demuxer-webm: 4f35f7cbe854078d1ac9338744f61a02 -> 
  custom:container-demuxer-ogg: 62fdf1f143b41e24485cea50d1cbac27 -> 
  custom:video-encoder-webm-vp8: eb34c28f22e8b96e1ab97ce403110664 -> 
  custom:video-decoder-webm-vp8: 9c59270c3fd7afecdb556c50c9e8de78 -> 
  custom:audio-decoder-ogg-vorbis: bf7c407c2cedff20999df2af8eb42d56 -> 
  custom:audio-encoder-webm-vorbis: bf7c407c2cedff20999df2af8eb42d56 -> 
========================================================================
Received Import Request.
  path: Assets/Scenes/Gameplay.unity
  artifactKey: Guid(788508a9e4f64d226a81572523cf92aa) Importer(815301076,1909f56bfc062723c751e8b465ee728b)
Start importing Assets/Scenes/Gameplay.unity using Guid(788508a9e4f64d226a81572523cf92aa) Importer(815301076,1909f56bfc062723c751e8b465ee728b)  -> (artifact id: 'd3203db1f271cd49b6487c175ee65242') in 0,011617 seconds 
  Import took 0,014080 seconds .

========================================================================
Received Import Request.
  Time since last request: 3089,639865 seconds.
  path: Assets
  artifactKey: Guid(00000000000000001000000000000000) Importer(815301076,1909f56bfc062723c751e8b465ee728b)
Start importing Assets using Guid(00000000000000001000000000000000) Importer(815301076,1909f56bfc062723c751e8b465ee728b)  -> (artifact id: '42d402b061de3733987d63b9cc3b64de') in 0,000566 seconds 
  Import took 0,002726 seconds .

========================================================================
Received Import Request.
  Time since last request: 6,006345 seconds.
  path: Assets/Materials
  artifactKey: Guid(f3da7eb5acc764cadb9ff47f29c116d6) Importer(815301076,1909f56bfc062723c751e8b465ee728b)
Start importing Assets/Materials using Guid(f3da7eb5acc764cadb9ff47f29c116d6) Importer(815301076,1909f56bfc062723c751e8b465ee728b)  -> (artifact id: '8353a0d2d921f60dd3db183180d2a45b') in 0,000880 seconds 
  Import took 0,002957 seconds .

========================================================================
Received Import Request.
  Time since last request: 35,173068 seconds.
  path: Assets/Materials/Ground.mat
  artifactKey: Guid(7494fa6d1f76a5f81918a2113c4cf62f) Importer(815301076,1909f56bfc062723c751e8b465ee728b)
Start importing Assets/Materials/Ground.mat using Guid(7494fa6d1f76a5f81918a2113c4cf62f) Importer(815301076,1909f56bfc062723c751e8b465ee728b)  -> (artifact id: 'ad0b0d6f99caca19aaf865f74f846772') in 0,089084 seconds 
  Import took 0,091537 seconds .

========================================================================
Received Import Request.
  Time since last request: 2,327158 seconds.
  path: Assets/Models/Golem/Golem.jpg
  artifactKey: Guid(0928ba3c7e173dc7699c145d80f33e44) Importer(815301076,1909f56bfc062723c751e8b465ee728b)
Start importing Assets/Models/Golem/Golem.jpg using Guid(0928ba3c7e173dc7699c145d80f33e44) Importer(815301076,1909f56bfc062723c751e8b465ee728b)  -> (artifact id: '5d39a6d9ab9cd1594419dc0d4160dd22') in 0,012292 seconds 
  Import took 0,014364 seconds .

========================================================================
Received Import Request.
  Time since last request: 0,005377 seconds.
  path: Assets/Models/Golem/Golem.jpg
  artifactKey: Guid(0928ba3c7e173dc7699c145d80f33e44) Importer(815301076,1909f56bfc062723c751e8b465ee728b)
Start importing Assets/Models/Golem/Golem.jpg using Guid(0928ba3c7e173dc7699c145d80f33e44) Importer(815301076,1909f56bfc062723c751e8b465ee728b)  -> (artifact id: '5d39a6d9ab9cd1594419dc0d4160dd22') in 0,006465 seconds 
  Import took 0,008883 seconds .

========================================================================
Received Import Request.
  Time since last request: 153,065365 seconds.
  path: Assets/Models/Pumkin
  artifactKey: Guid(60a83cbd0d4887c30b1f8a7e2f98eeab) Importer(815301076,1909f56bfc062723c751e8b465ee728b)
Start importing Assets/Models/Pumkin using Guid(60a83cbd0d4887c30b1f8a7e2f98eeab) Importer(815301076,1909f56bfc062723c751e8b465ee728b)  -> (artifact id: '19cdea825096c3f42fb2f60d967569a1') in 0,000559 seconds 
  Import took 0,002700 seconds .

========================================================================
Received Import Request.
  Time since last request: 0,000440 seconds.
  path: Assets/Models/Pumkin
  artifactKey: Guid(60a83cbd0d4887c30b1f8a7e2f98eeab) Importer(815301076,1909f56bfc062723c751e8b465ee728b)
Start importing Assets/Models/Pumkin using Guid(60a83cbd0d4887c30b1f8a7e2f98eeab) Importer(815301076,1909f56bfc062723c751e8b465ee728b)  -> (artifact id: '19cdea825096c3f42fb2f60d967569a1') in 0,000507 seconds 
  Import took 0,002621 seconds .

========================================================================
Received Import Request.
  Time since last request: 0,124692 seconds.
  path: Assets/Models/Pumkin/single_pumpkin.fbx
  artifactKey: Guid(317babd7072ec158290af952a8c10fbe) Importer(815301076,1909f56bfc062723c751e8b465ee728b)
Start importing Assets/Models/Pumkin/single_pumpkin.fbx using Guid(317babd7072ec158290af952a8c10fbe) Importer(815301076,1909f56bfc062723c751e8b465ee728b)  -> (artifact id: 'fe89286c1ff01369a8b681b41d468656') in 0,060589 seconds 
  Import took 0,062788 seconds .

========================================================================
Received Import Request.
  Time since last request: 32,070844 seconds.
  path: Assets/Textures
  artifactKey: Guid(8cc2a5341b9473125b4e679fd93a9029) Importer(815301076,1909f56bfc062723c751e8b465ee728b)
Start importing Assets/Textures using Guid(8cc2a5341b9473125b4e679fd93a9029) Importer(815301076,1909f56bfc062723c751e8b465ee728b)  -> (artifact id: '07dc2ff4621f23da25eb5948e26d538a') in 0,000613 seconds 
  Import took 0,002845 seconds .

========================================================================
Received Import Request.
  Time since last request: 0,000357 seconds.
  path: Assets/Textures
  artifactKey: Guid(8cc2a5341b9473125b4e679fd93a9029) Importer(815301076,1909f56bfc062723c751e8b465ee728b)
Start importing Assets/Textures using Guid(8cc2a5341b9473125b4e679fd93a9029) Importer(815301076,1909f56bfc062723c751e8b465ee728b)  -> (artifact id: '07dc2ff4621f23da25eb5948e26d538a') in 0,000479 seconds 
  Import took 0,002610 seconds .

========================================================================
Received Import Request.
  Time since last request: 13,613486 seconds.
  path: Assets/Models/Gates/Materials
  artifactKey: Guid(2c7a91387bec54b24a5df0278f3f9695) Importer(815301076,1909f56bfc062723c751e8b465ee728b)
Start importing Assets/Models/Gates/Materials using Guid(2c7a91387bec54b24a5df0278f3f9695) Importer(815301076,1909f56bfc062723c751e8b465ee728b)  -> (artifact id: '6e03f36304aa094e387afee69fe7bfd8') in 0,000566 seconds 
  Import took 0,002819 seconds .

========================================================================
Received Import Request.
  Time since last request: 0,000845 seconds.
  path: Assets/Models/Gates/Materials
  artifactKey: Guid(2c7a91387bec54b24a5df0278f3f9695) Importer(815301076,1909f56bfc062723c751e8b465ee728b)
Start importing Assets/Models/Gates/Materials using Guid(2c7a91387bec54b24a5df0278f3f9695) Importer(815301076,1909f56bfc062723c751e8b465ee728b)  -> (artifact id: '6e03f36304aa094e387afee69fe7bfd8') in 0,000485 seconds 
  Import took 0,002498 seconds .

========================================================================
Received Import Request.
  Time since last request: 0,124877 seconds.
  path: Assets/Models/Gates/Materials/gate_diffuse.mat
  artifactKey: Guid(aafb61baf953a4615bc0da92d5ac2c69) Importer(815301076,1909f56bfc062723c751e8b465ee728b)
Start importing Assets/Models/Gates/Materials/gate_diffuse.mat using Guid(aafb61baf953a4615bc0da92d5ac2c69) Importer(815301076,1909f56bfc062723c751e8b465ee728b)  -> (artifact id: '9a8ea285f9eceb5e6882487ba6d4ae1e') in 0,013901 seconds 
  Import took 0,016304 seconds .

========================================================================
Received Import Request.
  Time since last request: 0,000212 seconds.
  path: Assets/Models/Gates/Materials/pillar_diffuse.mat
  artifactKey: Guid(011a29850328d428ca3d8e5efd48176d) Importer(815301076,1909f56bfc062723c751e8b465ee728b)
Start importing Assets/Models/Gates/Materials/pillar_diffuse.mat using Guid(011a29850328d428ca3d8e5efd48176d) Importer(815301076,1909f56bfc062723c751e8b465ee728b)  -> (artifact id: '6c9acfc18eb3ec7a7729a9b4e9c3572a') in 0,010242 seconds 
  Import took 0,012295 seconds .

========================================================================
Received Import Request.
  Time since last request: 0,000156 seconds.
  path: Assets/Models/Gates/Materials/lightupper_diffuse.mat
  artifactKey: Guid(58637d5cdfc1a4a868f126532dd609cd) Importer(815301076,1909f56bfc062723c751e8b465ee728b)
Start importing Assets/Models/Gates/Materials/lightupper_diffuse.mat using Guid(58637d5cdfc1a4a868f126532dd609cd) Importer(815301076,1909f56bfc062723c751e8b465ee728b)  -> (artifact id: 'c3f33af6f18a82efaa02095e71b4240e') in 0,010434 seconds 
  Import took 0,012405 seconds .

========================================================================
Received Import Request.
  Time since last request: 0,000190 seconds.
  path: Assets/Models/Gates/Materials/lightlower_diffuse.mat
  artifactKey: Guid(31c9ac939ecbd4c389ba45afa4e91d56) Importer(815301076,1909f56bfc062723c751e8b465ee728b)
Start importing Assets/Models/Gates/Materials/lightlower_diffuse.mat using Guid(31c9ac939ecbd4c389ba45afa4e91d56) Importer(815301076,1909f56bfc062723c751e8b465ee728b)  -> (artifact id: '9c22f0468dd637e1972bb89a43fb9e92') in 0,009219 seconds 
  Import took 0,011428 seconds .

========================================================================
Received Import Request.
  Time since last request: 3,312213 seconds.
  path: Assets/Models/Golem/Golem.FBX
  artifactKey: Guid(22a36f7be2c562d87a4be9c59279a85c) Importer(815301076,1909f56bfc062723c751e8b465ee728b)
Start importing Assets/Models/Golem/Golem.FBX using Guid(22a36f7be2c562d87a4be9c59279a85c) Importer(815301076,1909f56bfc062723c751e8b465ee728b)  -> (artifact id: '1c89ae737ed97d9f532094d878a04450') in 0,023784 seconds 
  Import took 0,026224 seconds .

========================================================================
Received Import Request.
  Time since last request: 311,205657 seconds.
  path: Assets/Models/Pumkin/orange.mat
  artifactKey: Guid(c906ab5126e7cfe29b7efd903c128a5e) Importer(815301076,1909f56bfc062723c751e8b465ee728b)
Start importing Assets/Models/Pumkin/orange.mat using Guid(c906ab5126e7cfe29b7efd903c128a5e) Importer(815301076,1909f56bfc062723c751e8b465ee728b)  -> (artifact id: 'eeaf61194e0c0b86367d5b12d706235b') in 0,006863 seconds 
  Import took 0,009225 seconds .

========================================================================
Received Import Request.
  Time since last request: 46,644538 seconds.
  path: Assets/Models/Pumkin/single_pumpkin.fbx
  artifactKey: Guid(317babd7072ec158290af952a8c10fbe) Importer(815301076,1909f56bfc062723c751e8b465ee728b)
Start importing Assets/Models/Pumkin/single_pumpkin.fbx using Guid(317babd7072ec158290af952a8c10fbe) Importer(815301076,1909f56bfc062723c751e8b465ee728b)  -> (artifact id: '480e3090e066992303d608c2f4315313') in 0,040607 seconds 
  Import took 0,042791 seconds .

========================================================================
Received Import Request.
  Time since last request: 31,076837 seconds.
  path: Assets/Models/Pumkin/single_pumpkin.fbx
  artifactKey: Guid(317babd7072ec158290af952a8c10fbe) Importer(815301076,1909f56bfc062723c751e8b465ee728b)
Start importing Assets/Models/Pumkin/single_pumpkin.fbx using Guid(317babd7072ec158290af952a8c10fbe) Importer(815301076,1909f56bfc062723c751e8b465ee728b)  -> (artifact id: 'efd7c4965b5f1893f95702c141fba302') in 0,033500 seconds 
  Import took 0,035718 seconds .

========================================================================
Received Import Request.
  Time since last request: 14,447919 seconds.
  path: Assets/Materials/Ground.mat
  artifactKey: Guid(7494fa6d1f76a5f81918a2113c4cf62f) Importer(815301076,1909f56bfc062723c751e8b465ee728b)
Start importing Assets/Materials/Ground.mat using Guid(7494fa6d1f76a5f81918a2113c4cf62f) Importer(815301076,1909f56bfc062723c751e8b465ee728b)  -> (artifact id: 'c8c733ef51aa38197acf9a813147ef8e') in 0,014482 seconds 
  Import took 0,016517 seconds .

========================================================================
Received Import Request.
  Time since last request: 232,942165 seconds.
  path: Assets/Models/Pumkin/brown_top.mat
  artifactKey: Guid(725154134fce3096d82fbb19d8aaf0ea) Importer(815301076,1909f56bfc062723c751e8b465ee728b)
Start importing Assets/Models/Pumkin/brown_top.mat using Guid(725154134fce3096d82fbb19d8aaf0ea) Importer(815301076,1909f56bfc062723c751e8b465ee728b)  -> (artifact id: '793978b280050a5dec852d729f80da20') in 0,005899 seconds 
  Import took 0,008124 seconds .

========================================================================
Received Import Request.
  Time since last request: 86,988561 seconds.
  path: Assets/Models/Pumkin/brown_top.mat
  artifactKey: Guid(725154134fce3096d82fbb19d8aaf0ea) Importer(815301076,1909f56bfc062723c751e8b465ee728b)
Start importing Assets/Models/Pumkin/brown_top.mat using Guid(725154134fce3096d82fbb19d8aaf0ea) Importer(815301076,1909f56bfc062723c751e8b465ee728b)  -> (artifact id: '676da9e6856967d90e847e3d88525f5c') in 0,006299 seconds 
  Import took 0,008987 seconds .

========================================================================
Received Import Request.
  Time since last request: 0,000141 seconds.
  path: Assets/Models/Pumkin/orange.mat
  artifactKey: Guid(c906ab5126e7cfe29b7efd903c128a5e) Importer(815301076,1909f56bfc062723c751e8b465ee728b)
Start importing Assets/Models/Pumkin/orange.mat using Guid(c906ab5126e7cfe29b7efd903c128a5e) Importer(815301076,1909f56bfc062723c751e8b465ee728b)  -> (artifact id: '33439d18ee78baf1305fca4e72e896e1') in 0,005824 seconds 
  Import took 0,007895 seconds .

========================================================================
Received Import Request.
  Time since last request: 1128,389967 seconds.
  path: Assets/Prefabs
  artifactKey: Guid(9f38a08cc9ef1aeab8947788ed1399e3) Importer(815301076,1909f56bfc062723c751e8b465ee728b)
Start importing Assets/Prefabs using Guid(9f38a08cc9ef1aeab8947788ed1399e3) Importer(815301076,1909f56bfc062723c751e8b465ee728b)  -> (artifact id: 'a97efed9d01e9f067076b9bafd951e03') in 0,001297 seconds 
  Import took 0,003457 seconds .

========================================================================
Received Import Request.
  Time since last request: 3,921378 seconds.
  path: Assets/Prefabs/Pumpkin.prefab
  artifactKey: Guid(6f579bfc873f71f17bde0575e640a311) Importer(815301076,1909f56bfc062723c751e8b465ee728b)
Start importing Assets/Prefabs/Pumpkin.prefab using Guid(6f579bfc873f71f17bde0575e640a311) Importer(815301076,1909f56bfc062723c751e8b465ee728b)  -> (artifact id: 'ea3fa7fbda2631f68f0de6aefaef3621') in 0,009961 seconds 
  Import took 0,012200 seconds .

========================================================================
Received Import Request.
  Time since last request: 0,002067 seconds.
  path: Assets/Prefabs/Pumpkin.prefab
  artifactKey: Guid(6f579bfc873f71f17bde0575e640a311) Importer(815301076,1909f56bfc062723c751e8b465ee728b)
Start importing Assets/Prefabs/Pumpkin.prefab using Guid(6f579bfc873f71f17bde0575e640a311) Importer(815301076,1909f56bfc062723c751e8b465ee728b)  -> (artifact id: 'ea3fa7fbda2631f68f0de6aefaef3621') in 0,006671 seconds 
  Import took 0,008996 seconds .

========================================================================
Received Prepare
Registering precompiled user dll's ...
Registered in 0,001300 seconds.
Begin MonoManager ReloadAssembly
Native extension for LinuxStandalone target not found
Native extension for WindowsStandalone target not found
Native extension for OSXStandalone target not found
Native extension for WebGL target not found
Refreshing native plugins compatible for Editor in 0,28 ms, found 0 plugins.
Preloading 0 native plugins for Editor in 0,00 ms.
Mono: successfully reloaded assembly
- Completed reload, in  0,935 seconds
Domain Reload Profiling:
	ReloadAssembly (935ms)
		BeginReloadAssembly (88ms)
			ExecutionOrderSort (0ms)
			DisableScriptedObjects (4ms)
			BackupInstance (0ms)
			ReleaseScriptingObjects (0ms)
			CreateAndSetChildDomain (32ms)
		EndReloadAssembly (787ms)
			LoadAssemblies (65ms)
			RebuildTransferFunctionScriptingTraits (0ms)
			SetupTypeCache (279ms)
			ReleaseScriptCaches (1ms)
			RebuildScriptCaches (44ms)
			SetupLoadedEditorAssemblies (284ms)
				LogAssemblyErrors (0ms)
				InitializePlatformSupportModulesInManaged (16ms)
				SetLoadedEditorAssemblies (0ms)
				RefreshPlugins (0ms)
				BeforeProcessingInitializeOnLoad (56ms)
				ProcessInitializeOnLoadAttributes (203ms)
				ProcessInitializeOnLoadMethodAttributes (4ms)
				AfterProcessingInitializeOnLoad (4ms)
				EditorAssembliesLoaded (0ms)
			ExecutionOrderSort2 (0ms)
			AwakeInstancesAfterBackupRestoration (8ms)
Platform modules already initialized, skipping
Refreshing native plugins compatible for Editor in 0,28 ms, found 0 plugins.
Preloading 0 native plugins for Editor in 0,00 ms.
Unloading 1398 Unused Serialized files (Serialized files now loaded: 0)
System memory in use before: 61,4 MB.
System memory in use after: 61,5 MB.

Unloading 11 unused Assets to reduce memory usage. Loaded Objects now: 1886.
Total: 4,961602 ms (FindLiveObjects: 0,136949 ms CreateObjectMapping: 0,039225 ms MarkObjects: 4,751837 ms  DeleteObjects: 0,032163 ms)

AssetImportParameters requested are different than current active one (requested -> active):
  custom:video-decoder-ogg-theora: a1e56fd34408186e4bbccfd4996cb3dc -> 
  custom:container-muxer-webm: aa71ff27fc2769a1b78a27578f13a17b -> 
  custom:container-demuxer-webm: 4f35f7cbe854078d1ac9338744f61a02 -> 
  custom:container-demuxer-ogg: 62fdf1f143b41e24485cea50d1cbac27 -> 
  custom:video-encoder-webm-vp8: eb34c28f22e8b96e1ab97ce403110664 -> 
  custom:video-decoder-webm-vp8: 9c59270c3fd7afecdb556c50c9e8de78 -> 
  custom:audio-decoder-ogg-vorbis: bf7c407c2cedff20999df2af8eb42d56 -> 
  custom:audio-encoder-webm-vorbis: bf7c407c2cedff20999df2af8eb42d56 -> 
========================================================================
Received Import Request.
  Time since last request: 82,298604 seconds.
  path: Assets/Prefabs/Pumpkin.prefab
  artifactKey: Guid(6f579bfc873f71f17bde0575e640a311) Importer(815301076,1909f56bfc062723c751e8b465ee728b)
Start importing Assets/Prefabs/Pumpkin.prefab using Guid(6f579bfc873f71f17bde0575e640a311) Importer(815301076,1909f56bfc062723c751e8b465ee728b)  -> (artifact id: '50f60a9c11d7a006255fa862213059da') in 0,068212 seconds 
  Import took 0,070529 seconds .

========================================================================
Received Import Request.
  Time since last request: 333,261602 seconds.
  path: Assets/Models/Golem
  artifactKey: Guid(9fff48a086ad934fdb87ca2b8b560aa9) Importer(815301076,1909f56bfc062723c751e8b465ee728b)
Start importing Assets/Models/Golem using Guid(9fff48a086ad934fdb87ca2b8b560aa9) Importer(815301076,1909f56bfc062723c751e8b465ee728b)  -> (artifact id: '8c805942556b9011a3ccbf9ce2373c43') in 0,000551 seconds 
  Import took 0,002712 seconds .

========================================================================
Received Import Request.
  Time since last request: 266,050504 seconds.
  path: Assets/Models/Golem/Golem.FBX
  artifactKey: Guid(cbb2353dc9458453eb3a36183183f2b0) Importer(815301076,1909f56bfc062723c751e8b465ee728b)
Start importing Assets/Models/Golem/Golem.FBX using Guid(cbb2353dc9458453eb3a36183183f2b0) Importer(815301076,1909f56bfc062723c751e8b465ee728b)  -> (artifact id: '9aad22b386123deacab0d493d750cc96') in 0,038005 seconds 
  Import took 0,040558 seconds .

========================================================================
Received Import Request.
  Time since last request: 0,000145 seconds.
  path: Assets/Models/Golem/Golem.jpg
  artifactKey: Guid(7e5f6cdba9f134b33b5f07e96fc9fb2b) Importer(815301076,1909f56bfc062723c751e8b465ee728b)
Start importing Assets/Models/Golem/Golem.jpg using Guid(7e5f6cdba9f134b33b5f07e96fc9fb2b) Importer(815301076,1909f56bfc062723c751e8b465ee728b)  -> (artifact id: 'bc652a687a9093ea4b37ada7343c0e56') in 0,011531 seconds 
  Import took 0,013596 seconds .

========================================================================
Received Import Request.
  Time since last request: 1130,317892 seconds.
  path: Assets/Scripts
  artifactKey: Guid(37b0080812ebda6b5b13219d730066ba) Importer(815301076,1909f56bfc062723c751e8b465ee728b)
Start importing Assets/Scripts using Guid(37b0080812ebda6b5b13219d730066ba) Importer(815301076,1909f56bfc062723c751e8b465ee728b)  -> (artifact id: '2714ab2500c18f4bf7eea6d82886b0f8') in 0,001209 seconds 
  Import took 0,003352 seconds .

========================================================================
Received Prepare
Registering precompiled user dll's ...
Registered in 0,001464 seconds.
Begin MonoManager ReloadAssembly
Native extension for LinuxStandalone target not found
Native extension for WindowsStandalone target not found
Native extension for OSXStandalone target not found
Native extension for WebGL target not found
Refreshing native plugins compatible for Editor in 0,33 ms, found 0 plugins.
Preloading 0 native plugins for Editor in 0,00 ms.
Mono: successfully reloaded assembly
- Completed reload, in  0,975 seconds
Domain Reload Profiling:
	ReloadAssembly (975ms)
		BeginReloadAssembly (87ms)
			ExecutionOrderSort (0ms)
			DisableScriptedObjects (5ms)
			BackupInstance (0ms)
			ReleaseScriptingObjects (0ms)
			CreateAndSetChildDomain (32ms)
		EndReloadAssembly (826ms)
			LoadAssemblies (67ms)
			RebuildTransferFunctionScriptingTraits (0ms)
			SetupTypeCache (291ms)
			ReleaseScriptCaches (1ms)
			RebuildScriptCaches (45ms)
			SetupLoadedEditorAssemblies (303ms)
				LogAssemblyErrors (0ms)
				InitializePlatformSupportModulesInManaged (16ms)
				SetLoadedEditorAssemblies (0ms)
				RefreshPlugins (0ms)
				BeforeProcessingInitializeOnLoad (60ms)
				ProcessInitializeOnLoadAttributes (218ms)
				ProcessInitializeOnLoadMethodAttributes (4ms)
				AfterProcessingInitializeOnLoad (4ms)
				EditorAssembliesLoaded (0ms)
			ExecutionOrderSort2 (0ms)
			AwakeInstancesAfterBackupRestoration (8ms)
Platform modules already initialized, skipping
Refreshing native plugins compatible for Editor in 0,29 ms, found 0 plugins.
Preloading 0 native plugins for Editor in 0,00 ms.
Unloading 1399 Unused Serialized files (Serialized files now loaded: 0)
System memory in use before: 61,5 MB.
System memory in use after: 61,5 MB.

Unloading 11 unused Assets to reduce memory usage. Loaded Objects now: 1890.
Total: 4,953388 ms (FindLiveObjects: 0,152168 ms CreateObjectMapping: 0,045310 ms MarkObjects: 4,724108 ms  DeleteObjects: 0,030616 ms)

AssetImportParameters requested are different than current active one (requested -> active):
  custom:video-decoder-ogg-theora: a1e56fd34408186e4bbccfd4996cb3dc -> 
  custom:container-muxer-webm: aa71ff27fc2769a1b78a27578f13a17b -> 
  custom:container-demuxer-webm: 4f35f7cbe854078d1ac9338744f61a02 -> 
  custom:container-demuxer-ogg: 62fdf1f143b41e24485cea50d1cbac27 -> 
  custom:video-encoder-webm-vp8: eb34c28f22e8b96e1ab97ce403110664 -> 
  custom:video-decoder-webm-vp8: 9c59270c3fd7afecdb556c50c9e8de78 -> 
  custom:audio-decoder-ogg-vorbis: bf7c407c2cedff20999df2af8eb42d56 -> 
  custom:audio-encoder-webm-vorbis: bf7c407c2cedff20999df2af8eb42d56 -> 
========================================================================
Received Import Request.
  Time since last request: 102,234695 seconds.
  path: Assets/Scripts/GolemMovement.cs
  artifactKey: Guid(b45932ad527268a3899e9d7349bac38b) Importer(815301076,1909f56bfc062723c751e8b465ee728b)
Start importing Assets/Scripts/GolemMovement.cs using Guid(b45932ad527268a3899e9d7349bac38b) Importer(815301076,1909f56bfc062723c751e8b465ee728b)  -> (artifact id: '98692853171de82f0b7fb29088094d8c') in 0,002587 seconds 
  Import took 0,004507 seconds .

========================================================================
Received Import Request.
  Time since last request: 493,093680 seconds.
  path: Assets/Prefabs/Golem.prefab
  artifactKey: Guid(a00f5590ba5a0a119b17ae9798a2d24c) Importer(815301076,1909f56bfc062723c751e8b465ee728b)
Start importing Assets/Prefabs/Golem.prefab using Guid(a00f5590ba5a0a119b17ae9798a2d24c) Importer(815301076,1909f56bfc062723c751e8b465ee728b)  -> (artifact id: '992cc3be07a18e2160e12e80bba415e8') in 0,058054 seconds 
  Import took 0,060251 seconds .

========================================================================
Received Import Request.
  Time since last request: 476,948809 seconds.
  path: Assets/Scripts/GolemMovement.cs
  artifactKey: Guid(b45932ad527268a3899e9d7349bac38b) Importer(815301076,1909f56bfc062723c751e8b465ee728b)
Start importing Assets/Scripts/GolemMovement.cs using Guid(b45932ad527268a3899e9d7349bac38b) Importer(815301076,1909f56bfc062723c751e8b465ee728b)  -> (artifact id: 'c99423a8f234140e36ab92ca1e6a98fb') in 0,000738 seconds 
  Import took 0,003567 seconds .

========================================================================
Received Prepare
Registering precompiled user dll's ...
Registered in 0,001617 seconds.
Begin MonoManager ReloadAssembly
Native extension for LinuxStandalone target not found
Native extension for WindowsStandalone target not found
Native extension for OSXStandalone target not found
Native extension for WebGL target not found
Refreshing native plugins compatible for Editor in 0,33 ms, found 0 plugins.
Preloading 0 native plugins for Editor in 0,00 ms.
Mono: successfully reloaded assembly
- Completed reload, in  0,898 seconds
Domain Reload Profiling:
	ReloadAssembly (898ms)
		BeginReloadAssembly (81ms)
			ExecutionOrderSort (0ms)
			DisableScriptedObjects (6ms)
			BackupInstance (0ms)
			ReleaseScriptingObjects (0ms)
			CreateAndSetChildDomain (30ms)
		EndReloadAssembly (756ms)
			LoadAssemblies (62ms)
			RebuildTransferFunctionScriptingTraits (0ms)
			SetupTypeCache (261ms)
			ReleaseScriptCaches (1ms)
			RebuildScriptCaches (42ms)
			SetupLoadedEditorAssemblies (280ms)
				LogAssemblyErrors (0ms)
				InitializePlatformSupportModulesInManaged (16ms)
				SetLoadedEditorAssemblies (1ms)
				RefreshPlugins (0ms)
				BeforeProcessingInitializeOnLoad (57ms)
				ProcessInitializeOnLoadAttributes (198ms)
				ProcessInitializeOnLoadMethodAttributes (4ms)
				AfterProcessingInitializeOnLoad (4ms)
				EditorAssembliesLoaded (0ms)
			ExecutionOrderSort2 (0ms)
			AwakeInstancesAfterBackupRestoration (7ms)
Platform modules already initialized, skipping
Refreshing native plugins compatible for Editor in 0,28 ms, found 0 plugins.
Preloading 0 native plugins for Editor in 0,00 ms.
Unloading 1399 Unused Serialized files (Serialized files now loaded: 0)
System memory in use before: 61,5 MB.
System memory in use after: 61,6 MB.

Unloading 11 unused Assets to reduce memory usage. Loaded Objects now: 1893.
Total: 5,447135 ms (FindLiveObjects: 0,174154 ms CreateObjectMapping: 0,059024 ms MarkObjects: 5,171948 ms  DeleteObjects: 0,040417 ms)

AssetImportParameters requested are different than current active one (requested -> active):
  custom:video-decoder-ogg-theora: a1e56fd34408186e4bbccfd4996cb3dc -> 
  custom:container-muxer-webm: aa71ff27fc2769a1b78a27578f13a17b -> 
  custom:container-demuxer-webm: 4f35f7cbe854078d1ac9338744f61a02 -> 
  custom:container-demuxer-ogg: 62fdf1f143b41e24485cea50d1cbac27 -> 
  custom:video-encoder-webm-vp8: eb34c28f22e8b96e1ab97ce403110664 -> 
  custom:video-decoder-webm-vp8: 9c59270c3fd7afecdb556c50c9e8de78 -> 
  custom:audio-decoder-ogg-vorbis: bf7c407c2cedff20999df2af8eb42d56 -> 
  custom:audio-encoder-webm-vorbis: bf7c407c2cedff20999df2af8eb42d56 -> 
========================================================================
Received Prepare
Registering precompiled user dll's ...
Registered in 0,001739 seconds.
Begin MonoManager ReloadAssembly
Native extension for LinuxStandalone target not found
Native extension for WindowsStandalone target not found
Native extension for OSXStandalone target not found
Native extension for WebGL target not found
Refreshing native plugins compatible for Editor in 0,31 ms, found 0 plugins.
Preloading 0 native plugins for Editor in 0,00 ms.
Mono: successfully reloaded assembly
- Completed reload, in  0,940 seconds
Domain Reload Profiling:
	ReloadAssembly (940ms)
		BeginReloadAssembly (86ms)
			ExecutionOrderSort (0ms)
			DisableScriptedObjects (6ms)
			BackupInstance (0ms)
			ReleaseScriptingObjects (0ms)
			CreateAndSetChildDomain (32ms)
		EndReloadAssembly (792ms)
			LoadAssemblies (67ms)
			RebuildTransferFunctionScriptingTraits (0ms)
			SetupTypeCache (280ms)
			ReleaseScriptCaches (1ms)
			RebuildScriptCaches (44ms)
			SetupLoadedEditorAssemblies (285ms)
				LogAssemblyErrors (0ms)
				InitializePlatformSupportModulesInManaged (15ms)
				SetLoadedEditorAssemblies (1ms)
				RefreshPlugins (0ms)
				BeforeProcessingInitializeOnLoad (55ms)
				ProcessInitializeOnLoadAttributes (205ms)
				ProcessInitializeOnLoadMethodAttributes (4ms)
				AfterProcessingInitializeOnLoad (4ms)
				EditorAssembliesLoaded (0ms)
			ExecutionOrderSort2 (0ms)
			AwakeInstancesAfterBackupRestoration (9ms)
Platform modules already initialized, skipping
Refreshing native plugins compatible for Editor in 0,31 ms, found 0 plugins.
Preloading 0 native plugins for Editor in 0,00 ms.
Unloading 1399 Unused Serialized files (Serialized files now loaded: 0)
System memory in use before: 61,5 MB.
System memory in use after: 61,6 MB.

Unloading 11 unused Assets to reduce memory usage. Loaded Objects now: 1895.
Total: 5,474926 ms (FindLiveObjects: 0,175260 ms CreateObjectMapping: 0,047070 ms MarkObjects: 5,218664 ms  DeleteObjects: 0,032003 ms)

AssetImportParameters requested are different than current active one (requested -> active):
  custom:video-decoder-ogg-theora: a1e56fd34408186e4bbccfd4996cb3dc -> 
  custom:container-muxer-webm: aa71ff27fc2769a1b78a27578f13a17b -> 
  custom:container-demuxer-webm: 4f35f7cbe854078d1ac9338744f61a02 -> 
  custom:container-demuxer-ogg: 62fdf1f143b41e24485cea50d1cbac27 -> 
  custom:video-encoder-webm-vp8: eb34c28f22e8b96e1ab97ce403110664 -> 
  custom:video-decoder-webm-vp8: 9c59270c3fd7afecdb556c50c9e8de78 -> 
  custom:audio-decoder-ogg-vorbis: bf7c407c2cedff20999df2af8eb42d56 -> 
  custom:audio-encoder-webm-vorbis: bf7c407c2cedff20999df2af8eb42d56 -> 
========================================================================
Received Prepare
Registering precompiled user dll's ...
Registered in 0,001744 seconds.
Begin MonoManager ReloadAssembly
Native extension for LinuxStandalone target not found
Native extension for WindowsStandalone target not found
Native extension for OSXStandalone target not found
Native extension for WebGL target not found
Refreshing native plugins compatible for Editor in 0,33 ms, found 0 plugins.
Preloading 0 native plugins for Editor in 0,00 ms.
Mono: successfully reloaded assembly
- Completed reload, in  0,966 seconds
Domain Reload Profiling:
	ReloadAssembly (966ms)
		BeginReloadAssembly (81ms)
			ExecutionOrderSort (0ms)
			DisableScriptedObjects (5ms)
			BackupInstance (0ms)
			ReleaseScriptingObjects (0ms)
			CreateAndSetChildDomain (30ms)
		EndReloadAssembly (815ms)
			LoadAssemblies (65ms)
			RebuildTransferFunctionScriptingTraits (0ms)
			SetupTypeCache (293ms)
			ReleaseScriptCaches (1ms)
			RebuildScriptCaches (42ms)
			SetupLoadedEditorAssemblies (302ms)
				LogAssemblyErrors (0ms)
				InitializePlatformSupportModulesInManaged (16ms)
				SetLoadedEditorAssemblies (1ms)
				RefreshPlugins (0ms)
				BeforeProcessingInitializeOnLoad (60ms)
				ProcessInitializeOnLoadAttributes (217ms)
				ProcessInitializeOnLoadMethodAttributes (4ms)
				AfterProcessingInitializeOnLoad (4ms)
				EditorAssembliesLoaded (0ms)
			ExecutionOrderSort2 (0ms)
			AwakeInstancesAfterBackupRestoration (8ms)
Platform modules already initialized, skipping
Refreshing native plugins compatible for Editor in 0,26 ms, found 0 plugins.
Preloading 0 native plugins for Editor in 0,00 ms.
Unloading 1400 Unused Serialized files (Serialized files now loaded: 0)
System memory in use before: 61,5 MB.
System memory in use after: 61,6 MB.

Unloading 11 unused Assets to reduce memory usage. Loaded Objects now: 1898.
Total: 4,935392 ms (FindLiveObjects: 0,161610 ms CreateObjectMapping: 0,043910 ms MarkObjects: 4,698142 ms  DeleteObjects: 0,030453 ms)

AssetImportParameters requested are different than current active one (requested -> active):
  custom:video-decoder-ogg-theora: a1e56fd34408186e4bbccfd4996cb3dc -> 
  custom:container-muxer-webm: aa71ff27fc2769a1b78a27578f13a17b -> 
  custom:container-demuxer-webm: 4f35f7cbe854078d1ac9338744f61a02 -> 
  custom:container-demuxer-ogg: 62fdf1f143b41e24485cea50d1cbac27 -> 
  custom:video-encoder-webm-vp8: eb34c28f22e8b96e1ab97ce403110664 -> 
  custom:video-decoder-webm-vp8: 9c59270c3fd7afecdb556c50c9e8de78 -> 
  custom:audio-decoder-ogg-vorbis: bf7c407c2cedff20999df2af8eb42d56 -> 
  custom:audio-encoder-webm-vorbis: bf7c407c2cedff20999df2af8eb42d56 -> 
========================================================================
Received Import Request.
  Time since last request: 804,476606 seconds.
  path: Assets/Scripts/Spawner.cs
  artifactKey: Guid(63532e8649c7e782ea1b2763072ef96d) Importer(815301076,1909f56bfc062723c751e8b465ee728b)
Start importing Assets/Scripts/Spawner.cs using Guid(63532e8649c7e782ea1b2763072ef96d) Importer(815301076,1909f56bfc062723c751e8b465ee728b)  -> (artifact id: '696958d9894def69301a1dde4b0ead06') in 0,002648 seconds 
  Import took 0,004710 seconds .

========================================================================
Received Prepare
Registering precompiled user dll's ...
Registered in 0,001579 seconds.
Begin MonoManager ReloadAssembly
Native extension for LinuxStandalone target not found
Native extension for WindowsStandalone target not found
Native extension for OSXStandalone target not found
Native extension for WebGL target not found
Refreshing native plugins compatible for Editor in 0,38 ms, found 0 plugins.
Preloading 0 native plugins for Editor in 0,00 ms.
Mono: successfully reloaded assembly
- Completed reload, in  0,936 seconds
Domain Reload Profiling:
	ReloadAssembly (937ms)
		BeginReloadAssembly (83ms)
			ExecutionOrderSort (0ms)
			DisableScriptedObjects (5ms)
			BackupInstance (0ms)
			ReleaseScriptingObjects (0ms)
			CreateAndSetChildDomain (30ms)
		EndReloadAssembly (793ms)
			LoadAssemblies (65ms)
			RebuildTransferFunctionScriptingTraits (0ms)
			SetupTypeCache (286ms)
			ReleaseScriptCaches (1ms)
			RebuildScriptCaches (44ms)
			SetupLoadedEditorAssemblies (282ms)
				LogAssemblyErrors (0ms)
				InitializePlatformSupportModulesInManaged (15ms)
				SetLoadedEditorAssemblies (1ms)
				RefreshPlugins (0ms)
				BeforeProcessingInitializeOnLoad (63ms)
				ProcessInitializeOnLoadAttributes (195ms)
				ProcessInitializeOnLoadMethodAttributes (4ms)
				AfterProcessingInitializeOnLoad (4ms)
				EditorAssembliesLoaded (0ms)
			ExecutionOrderSort2 (0ms)
			AwakeInstancesAfterBackupRestoration (7ms)
Platform modules already initialized, skipping
Refreshing native plugins compatible for Editor in 0,34 ms, found 0 plugins.
Preloading 0 native plugins for Editor in 0,00 ms.
Unloading 1400 Unused Serialized files (Serialized files now loaded: 0)
System memory in use before: 61,5 MB.
System memory in use after: 61,6 MB.

Unloading 11 unused Assets to reduce memory usage. Loaded Objects now: 1900.
Total: 5,419336 ms (FindLiveObjects: 0,161449 ms CreateObjectMapping: 0,088426 ms MarkObjects: 5,117957 ms  DeleteObjects: 0,049100 ms)

AssetImportParameters requested are different than current active one (requested -> active):
  custom:video-decoder-ogg-theora: a1e56fd34408186e4bbccfd4996cb3dc -> 
  custom:container-muxer-webm: aa71ff27fc2769a1b78a27578f13a17b -> 
  custom:container-demuxer-webm: 4f35f7cbe854078d1ac9338744f61a02 -> 
  custom:container-demuxer-ogg: 62fdf1f143b41e24485cea50d1cbac27 -> 
  custom:video-encoder-webm-vp8: eb34c28f22e8b96e1ab97ce403110664 -> 
  custom:video-decoder-webm-vp8: 9c59270c3fd7afecdb556c50c9e8de78 -> 
  custom:audio-decoder-ogg-vorbis: bf7c407c2cedff20999df2af8eb42d56 -> 
  custom:audio-encoder-webm-vorbis: bf7c407c2cedff20999df2af8eb42d56 -> 
========================================================================
Received Import Request.
  Time since last request: 1060,528013 seconds.
  path: Assets/Prefabs/Golem.prefab
  artifactKey: Guid(a00f5590ba5a0a119b17ae9798a2d24c) Importer(815301076,1909f56bfc062723c751e8b465ee728b)
Start importing Assets/Prefabs/Golem.prefab using Guid(a00f5590ba5a0a119b17ae9798a2d24c) Importer(815301076,1909f56bfc062723c751e8b465ee728b)  -> (artifact id: '38dbc825b4421124feb1333a65f4a549') in 0,060942 seconds 
  Import took 0,063728 seconds .

========================================================================
Received Prepare
Registering precompiled user dll's ...
Registered in 0,002140 seconds.
Begin MonoManager ReloadAssembly
Native extension for LinuxStandalone target not found
Native extension for WindowsStandalone target not found
Native extension for OSXStandalone target not found
Native extension for WebGL target not found
Refreshing native plugins compatible for Editor in 0,59 ms, found 0 plugins.
Preloading 0 native plugins for Editor in 0,00 ms.
Mono: successfully reloaded assembly
- Completed reload, in  1,036 seconds
Domain Reload Profiling:
	ReloadAssembly (1036ms)
		BeginReloadAssembly (87ms)
			ExecutionOrderSort (0ms)
			DisableScriptedObjects (6ms)
			BackupInstance (0ms)
			ReleaseScriptingObjects (0ms)
			CreateAndSetChildDomain (34ms)
		EndReloadAssembly (887ms)
			LoadAssemblies (65ms)
			RebuildTransferFunctionScriptingTraits (0ms)
			SetupTypeCache (282ms)
			ReleaseScriptCaches (1ms)
			RebuildScriptCaches (44ms)
			SetupLoadedEditorAssemblies (336ms)
				LogAssemblyErrors (0ms)
				InitializePlatformSupportModulesInManaged (23ms)
				SetLoadedEditorAssemblies (1ms)
				RefreshPlugins (1ms)
				BeforeProcessingInitializeOnLoad (81ms)
				ProcessInitializeOnLoadAttributes (219ms)
				ProcessInitializeOnLoadMethodAttributes (6ms)
				AfterProcessingInitializeOnLoad (5ms)
				EditorAssembliesLoaded (0ms)
			ExecutionOrderSort2 (0ms)
			AwakeInstancesAfterBackupRestoration (11ms)
Platform modules already initialized, skipping
Refreshing native plugins compatible for Editor in 0,60 ms, found 0 plugins.
Preloading 0 native plugins for Editor in 0,00 ms.
Unloading 1400 Unused Serialized files (Serialized files now loaded: 0)
System memory in use before: 61,6 MB.
System memory in use after: 61,6 MB.

Unloading 11 unused Assets to reduce memory usage. Loaded Objects now: 1903.
Total: 6,360104 ms (FindLiveObjects: 0,351902 ms CreateObjectMapping: 0,104567 ms MarkObjects: 5,857523 ms  DeleteObjects: 0,043803 ms)

AssetImportParameters requested are different than current active one (requested -> active):
  custom:video-decoder-ogg-theora: a1e56fd34408186e4bbccfd4996cb3dc -> 
  custom:container-muxer-webm: aa71ff27fc2769a1b78a27578f13a17b -> 
  custom:container-demuxer-webm: 4f35f7cbe854078d1ac9338744f61a02 -> 
  custom:container-demuxer-ogg: 62fdf1f143b41e24485cea50d1cbac27 -> 
  custom:video-encoder-webm-vp8: eb34c28f22e8b96e1ab97ce403110664 -> 
  custom:video-decoder-webm-vp8: 9c59270c3fd7afecdb556c50c9e8de78 -> 
  custom:audio-decoder-ogg-vorbis: bf7c407c2cedff20999df2af8eb42d56 -> 
  custom:audio-encoder-webm-vorbis: bf7c407c2cedff20999df2af8eb42d56 -> 
========================================================================
Received Prepare
Registering precompiled user dll's ...
Registered in 0,001538 seconds.
Begin MonoManager ReloadAssembly
Native extension for LinuxStandalone target not found
Native extension for WindowsStandalone target not found
Native extension for OSXStandalone target not found
Native extension for WebGL target not found
Refreshing native plugins compatible for Editor in 0,29 ms, found 0 plugins.
Preloading 0 native plugins for Editor in 0,00 ms.
Mono: successfully reloaded assembly
- Completed reload, in  0,932 seconds
Domain Reload Profiling:
	ReloadAssembly (933ms)
		BeginReloadAssembly (84ms)
			ExecutionOrderSort (0ms)
			DisableScriptedObjects (5ms)
			BackupInstance (0ms)
			ReleaseScriptingObjects (0ms)
			CreateAndSetChildDomain (31ms)
		EndReloadAssembly (788ms)
			LoadAssemblies (67ms)
			RebuildTransferFunctionScriptingTraits (0ms)
			SetupTypeCache (275ms)
			ReleaseScriptCaches (1ms)
			RebuildScriptCaches (43ms)
			SetupLoadedEditorAssemblies (284ms)
				LogAssemblyErrors (0ms)
				InitializePlatformSupportModulesInManaged (15ms)
				SetLoadedEditorAssemblies (1ms)
				RefreshPlugins (0ms)
				BeforeProcessingInitializeOnLoad (60ms)
				ProcessInitializeOnLoadAttributes (200ms)
				ProcessInitializeOnLoadMethodAttributes (5ms)
				AfterProcessingInitializeOnLoad (4ms)
				EditorAssembliesLoaded (0ms)
			ExecutionOrderSort2 (0ms)
			AwakeInstancesAfterBackupRestoration (8ms)
Platform modules already initialized, skipping
Refreshing native plugins compatible for Editor in 0,27 ms, found 0 plugins.
Preloading 0 native plugins for Editor in 0,00 ms.
Unloading 1400 Unused Serialized files (Serialized files now loaded: 0)
System memory in use before: 61,6 MB.
System memory in use after: 61,6 MB.

Unloading 11 unused Assets to reduce memory usage. Loaded Objects now: 1905.
Total: 6,357343 ms (FindLiveObjects: 0,213699 ms CreateObjectMapping: 0,089030 ms MarkObjects: 6,007402 ms  DeleteObjects: 0,045446 ms)

AssetImportParameters requested are different than current active one (requested -> active):
  custom:video-decoder-ogg-theora: a1e56fd34408186e4bbccfd4996cb3dc -> 
  custom:container-muxer-webm: aa71ff27fc2769a1b78a27578f13a17b -> 
  custom:container-demuxer-webm: 4f35f7cbe854078d1ac9338744f61a02 -> 
  custom:container-demuxer-ogg: 62fdf1f143b41e24485cea50d1cbac27 -> 
  custom:video-encoder-webm-vp8: eb34c28f22e8b96e1ab97ce403110664 -> 
  custom:video-decoder-webm-vp8: 9c59270c3fd7afecdb556c50c9e8de78 -> 
  custom:audio-decoder-ogg-vorbis: bf7c407c2cedff20999df2af8eb42d56 -> 
  custom:audio-encoder-webm-vorbis: bf7c407c2cedff20999df2af8eb42d56 -> 
========================================================================
Received Prepare
Registering precompiled user dll's ...
Registered in 0,001722 seconds.
Begin MonoManager ReloadAssembly
Native extension for LinuxStandalone target not found
Native extension for WindowsStandalone target not found
Native extension for OSXStandalone target not found
Native extension for WebGL target not found
Refreshing native plugins compatible for Editor in 0,39 ms, found 0 plugins.
Preloading 0 native plugins for Editor in 0,00 ms.
Mono: successfully reloaded assembly
- Completed reload, in  0,949 seconds
Domain Reload Profiling:
	ReloadAssembly (950ms)
		BeginReloadAssembly (84ms)
			ExecutionOrderSort (0ms)
			DisableScriptedObjects (5ms)
			BackupInstance (0ms)
			ReleaseScriptingObjects (0ms)
			CreateAndSetChildDomain (32ms)
		EndReloadAssembly (804ms)
			LoadAssemblies (65ms)
			RebuildTransferFunctionScriptingTraits (0ms)
			SetupTypeCache (279ms)
			ReleaseScriptCaches (1ms)
			RebuildScriptCaches (43ms)
			SetupLoadedEditorAssemblies (304ms)
				LogAssemblyErrors (0ms)
				InitializePlatformSupportModulesInManaged (16ms)
				SetLoadedEditorAssemblies (1ms)
				RefreshPlugins (0ms)
				BeforeProcessingInitializeOnLoad (59ms)
				ProcessInitializeOnLoadAttributes (219ms)
				ProcessInitializeOnLoadMethodAttributes (5ms)
				AfterProcessingInitializeOnLoad (4ms)
				EditorAssembliesLoaded (0ms)
			ExecutionOrderSort2 (0ms)
			AwakeInstancesAfterBackupRestoration (8ms)
Platform modules already initialized, skipping
Refreshing native plugins compatible for Editor in 0,29 ms, found 0 plugins.
Preloading 0 native plugins for Editor in 0,00 ms.
Unloading 1401 Unused Serialized files (Serialized files now loaded: 0)
System memory in use before: 61,6 MB.
System memory in use after: 61,6 MB.

Unloading 11 unused Assets to reduce memory usage. Loaded Objects now: 1908.
Total: 5,318268 ms (FindLiveObjects: 0,187151 ms CreateObjectMapping: 0,083984 ms MarkObjects: 5,010979 ms  DeleteObjects: 0,034563 ms)

AssetImportParameters requested are different than current active one (requested -> active):
  custom:video-decoder-ogg-theora: a1e56fd34408186e4bbccfd4996cb3dc -> 
  custom:container-muxer-webm: aa71ff27fc2769a1b78a27578f13a17b -> 
  custom:container-demuxer-webm: 4f35f7cbe854078d1ac9338744f61a02 -> 
  custom:container-demuxer-ogg: 62fdf1f143b41e24485cea50d1cbac27 -> 
  custom:video-encoder-webm-vp8: eb34c28f22e8b96e1ab97ce403110664 -> 
  custom:video-decoder-webm-vp8: 9c59270c3fd7afecdb556c50c9e8de78 -> 
  custom:audio-decoder-ogg-vorbis: bf7c407c2cedff20999df2af8eb42d56 -> 
  custom:audio-encoder-webm-vorbis: bf7c407c2cedff20999df2af8eb42d56 -> 
========================================================================
Received Import Request.
  Time since last request: 533,759321 seconds.
  path: Assets/Scripts/PumpkinScript.cs
  artifactKey: Guid(245b385750eb7b98e8ec5c5cfa1e5096) Importer(815301076,1909f56bfc062723c751e8b465ee728b)
Start importing Assets/Scripts/PumpkinScript.cs using Guid(245b385750eb7b98e8ec5c5cfa1e5096) Importer(815301076,1909f56bfc062723c751e8b465ee728b)  -> (artifact id: '62cdbe4d54487a261beaef08cfdb1819') in 0,003331 seconds 
  Import took 0,006006 seconds .

========================================================================
Received Import Request.
  Time since last request: 75,596875 seconds.
  path: Assets/Scripts/PumpkinScript.cs
  artifactKey: Guid(245b385750eb7b98e8ec5c5cfa1e5096) Importer(815301076,1909f56bfc062723c751e8b465ee728b)
Start importing Assets/Scripts/PumpkinScript.cs using Guid(245b385750eb7b98e8ec5c5cfa1e5096) Importer(815301076,1909f56bfc062723c751e8b465ee728b)  -> (artifact id: '63fbcd5a075430eeba1325972f803fb6') in 0,000578 seconds 
  Import took 0,002662 seconds .

========================================================================
Received Import Request.
  Time since last request: 9,900434 seconds.
  path: ProjectSettings/TagManager.asset
  artifactKey: Guid(00000000000000003000000000000000) Importer(815301076,1909f56bfc062723c751e8b465ee728b)
Start importing ProjectSettings/TagManager.asset using Guid(00000000000000003000000000000000) Importer(815301076,1909f56bfc062723c751e8b465ee728b)  -> (artifact id: 'ce6a35c3cddc746e7501c0bd0ed6d4ce') in 0,007804 seconds 
  Import took 0,010212 seconds .

========================================================================
Received Import Request.
  Time since last request: 0,001070 seconds.
  path: ProjectSettings/TagManager.asset
  artifactKey: Guid(00000000000000003000000000000000) Importer(815301076,1909f56bfc062723c751e8b465ee728b)
Start importing ProjectSettings/TagManager.asset using Guid(00000000000000003000000000000000) Importer(815301076,1909f56bfc062723c751e8b465ee728b)  -> (artifact id: 'ce6a35c3cddc746e7501c0bd0ed6d4ce') in 0,001208 seconds 
  Import took 0,004221 seconds .

========================================================================
Received Import Request.
  Time since last request: 102,857243 seconds.
  path: Assets/Prefabs/Golem.prefab
  artifactKey: Guid(a00f5590ba5a0a119b17ae9798a2d24c) Importer(815301076,1909f56bfc062723c751e8b465ee728b)
Start importing Assets/Prefabs/Golem.prefab using Guid(a00f5590ba5a0a119b17ae9798a2d24c) Importer(815301076,1909f56bfc062723c751e8b465ee728b)  -> (artifact id: 'eeb80a5b7d9fb62743301a61aa3278ad') in 0,072462 seconds 
  Import took 0,075493 seconds .

========================================================================
Received Import Request.
  Time since last request: 6,991160 seconds.
  path: Assets/Prefabs/Pumpkin.prefab
  artifactKey: Guid(6f579bfc873f71f17bde0575e640a311) Importer(815301076,1909f56bfc062723c751e8b465ee728b)
Start importing Assets/Prefabs/Pumpkin.prefab using Guid(6f579bfc873f71f17bde0575e640a311) Importer(815301076,1909f56bfc062723c751e8b465ee728b)  -> (artifact id: 'a192560379ad326307d15381344e64b8') in 0,010896 seconds 
  Import took 0,013746 seconds .

========================================================================
Received Prepare
Registering precompiled user dll's ...
Registered in 0,001443 seconds.
Begin MonoManager ReloadAssembly
Native extension for LinuxStandalone target not found
Native extension for WindowsStandalone target not found
Native extension for OSXStandalone target not found
Native extension for WebGL target not found
Refreshing native plugins compatible for Editor in 0,41 ms, found 0 plugins.
Preloading 0 native plugins for Editor in 0,00 ms.
Mono: successfully reloaded assembly
- Completed reload, in  1,007 seconds
Domain Reload Profiling:
	ReloadAssembly (1008ms)
		BeginReloadAssembly (90ms)
			ExecutionOrderSort (0ms)
			DisableScriptedObjects (6ms)
			BackupInstance (0ms)
			ReleaseScriptingObjects (0ms)
			CreateAndSetChildDomain (35ms)
		EndReloadAssembly (851ms)
			LoadAssemblies (68ms)
			RebuildTransferFunctionScriptingTraits (0ms)
			SetupTypeCache (297ms)
			ReleaseScriptCaches (1ms)
			RebuildScriptCaches (45ms)
			SetupLoadedEditorAssemblies (316ms)
				LogAssemblyErrors (0ms)
				InitializePlatformSupportModulesInManaged (17ms)
				SetLoadedEditorAssemblies (1ms)
				RefreshPlugins (0ms)
				BeforeProcessingInitializeOnLoad (64ms)
				ProcessInitializeOnLoadAttributes (226ms)
				ProcessInitializeOnLoadMethodAttributes (4ms)
				AfterProcessingInitializeOnLoad (4ms)
				EditorAssembliesLoaded (0ms)
			ExecutionOrderSort2 (0ms)
			AwakeInstancesAfterBackupRestoration (8ms)
Platform modules already initialized, skipping
Refreshing native plugins compatible for Editor in 0,31 ms, found 0 plugins.
Preloading 0 native plugins for Editor in 0,00 ms.
Unloading 1401 Unused Serialized files (Serialized files now loaded: 0)
System memory in use before: 61,6 MB.
System memory in use after: 61,7 MB.

Unloading 13 unused Assets to reduce memory usage. Loaded Objects now: 1911.
Total: 5,954327 ms (FindLiveObjects: 0,152167 ms CreateObjectMapping: 0,052307 ms MarkObjects: 5,678910 ms  DeleteObjects: 0,069102 ms)

AssetImportParameters requested are different than current active one (requested -> active):
  custom:video-decoder-ogg-theora: a1e56fd34408186e4bbccfd4996cb3dc -> 
  custom:container-muxer-webm: aa71ff27fc2769a1b78a27578f13a17b -> 
  custom:container-demuxer-webm: 4f35f7cbe854078d1ac9338744f61a02 -> 
  custom:container-demuxer-ogg: 62fdf1f143b41e24485cea50d1cbac27 -> 
  custom:video-encoder-webm-vp8: eb34c28f22e8b96e1ab97ce403110664 -> 
  custom:video-decoder-webm-vp8: 9c59270c3fd7afecdb556c50c9e8de78 -> 
  custom:audio-decoder-ogg-vorbis: bf7c407c2cedff20999df2af8eb42d56 -> 
  custom:audio-encoder-webm-vorbis: bf7c407c2cedff20999df2af8eb42d56 -> 
========================================================================
Received Prepare
Registering precompiled user dll's ...
Registered in 0,001942 seconds.
Begin MonoManager ReloadAssembly
Native extension for LinuxStandalone target not found
Native extension for WindowsStandalone target not found
Native extension for OSXStandalone target not found
Native extension for WebGL target not found
Refreshing native plugins compatible for Editor in 0,36 ms, found 0 plugins.
Preloading 0 native plugins for Editor in 0,00 ms.
Mono: successfully reloaded assembly
- Completed reload, in  1,105 seconds
Domain Reload Profiling:
	ReloadAssembly (1115ms)
		BeginReloadAssembly (100ms)
			ExecutionOrderSort (0ms)
			DisableScriptedObjects (7ms)
			BackupInstance (0ms)
			ReleaseScriptingObjects (0ms)
			CreateAndSetChildDomain (34ms)
		EndReloadAssembly (951ms)
			LoadAssemblies (81ms)
			RebuildTransferFunctionScriptingTraits (0ms)
			SetupTypeCache (397ms)
			ReleaseScriptCaches (1ms)
			RebuildScriptCaches (45ms)
			SetupLoadedEditorAssemblies (302ms)
				LogAssemblyErrors (0ms)
				InitializePlatformSupportModulesInManaged (17ms)
				SetLoadedEditorAssemblies (1ms)
				RefreshPlugins (0ms)
				BeforeProcessingInitializeOnLoad (64ms)
				ProcessInitializeOnLoadAttributes (211ms)
				ProcessInitializeOnLoadMethodAttributes (5ms)
				AfterProcessingInitializeOnLoad (4ms)
				EditorAssembliesLoaded (0ms)
			ExecutionOrderSort2 (0ms)
			AwakeInstancesAfterBackupRestoration (7ms)
Platform modules already initialized, skipping
Refreshing native plugins compatible for Editor in 0,37 ms, found 0 plugins.
Preloading 0 native plugins for Editor in 0,00 ms.
Unloading 1401 Unused Serialized files (Serialized files now loaded: 0)
System memory in use before: 61,6 MB.
System memory in use after: 61,7 MB.

Unloading 11 unused Assets to reduce memory usage. Loaded Objects now: 1913.
Total: 5,517774 ms (FindLiveObjects: 0,224797 ms CreateObjectMapping: 0,068870 ms MarkObjects: 5,178814 ms  DeleteObjects: 0,043921 ms)

AssetImportParameters requested are different than current active one (requested -> active):
  custom:video-decoder-ogg-theora: a1e56fd34408186e4bbccfd4996cb3dc -> 
  custom:container-muxer-webm: aa71ff27fc2769a1b78a27578f13a17b -> 
  custom:container-demuxer-webm: 4f35f7cbe854078d1ac9338744f61a02 -> 
  custom:container-demuxer-ogg: 62fdf1f143b41e24485cea50d1cbac27 -> 
  custom:video-encoder-webm-vp8: eb34c28f22e8b96e1ab97ce403110664 -> 
  custom:video-decoder-webm-vp8: 9c59270c3fd7afecdb556c50c9e8de78 -> 
  custom:audio-decoder-ogg-vorbis: bf7c407c2cedff20999df2af8eb42d56 -> 
  custom:audio-encoder-webm-vorbis: bf7c407c2cedff20999df2af8eb42d56 -> 
========================================================================
Received Prepare
Registering precompiled user dll's ...
Registered in 0,001738 seconds.
Begin MonoManager ReloadAssembly
Native extension for LinuxStandalone target not found
Native extension for WindowsStandalone target not found
Native extension for OSXStandalone target not found
Native extension for WebGL target not found
Refreshing native plugins compatible for Editor in 0,39 ms, found 0 plugins.
Preloading 0 native plugins for Editor in 0,00 ms.
Mono: successfully reloaded assembly
- Completed reload, in  0,929 seconds
Domain Reload Profiling:
	ReloadAssembly (930ms)
		BeginReloadAssembly (89ms)
			ExecutionOrderSort (0ms)
			DisableScriptedObjects (5ms)
			BackupInstance (0ms)
			ReleaseScriptingObjects (0ms)
			CreateAndSetChildDomain (34ms)
		EndReloadAssembly (779ms)
			LoadAssemblies (67ms)
			RebuildTransferFunctionScriptingTraits (0ms)
			SetupTypeCache (280ms)
			ReleaseScriptCaches (1ms)
			RebuildScriptCaches (43ms)
			SetupLoadedEditorAssemblies (275ms)
				LogAssemblyErrors (0ms)
				InitializePlatformSupportModulesInManaged (16ms)
				SetLoadedEditorAssemblies (1ms)
				RefreshPlugins (0ms)
				BeforeProcessingInitializeOnLoad (58ms)
				ProcessInitializeOnLoadAttributes (193ms)
				ProcessInitializeOnLoadMethodAttributes (4ms)
				AfterProcessingInitializeOnLoad (4ms)
				EditorAssembliesLoaded (0ms)
			ExecutionOrderSort2 (0ms)
			AwakeInstancesAfterBackupRestoration (7ms)
Platform modules already initialized, skipping
Refreshing native plugins compatible for Editor in 0,26 ms, found 0 plugins.
Preloading 0 native plugins for Editor in 0,00 ms.
Unloading 1401 Unused Serialized files (Serialized files now loaded: 0)
System memory in use before: 61,6 MB.
System memory in use after: 61,7 MB.

Unloading 11 unused Assets to reduce memory usage. Loaded Objects now: 1915.
Total: 4,741539 ms (FindLiveObjects: 0,140011 ms CreateObjectMapping: 0,064007 ms MarkObjects: 4,505766 ms  DeleteObjects: 0,030352 ms)

AssetImportParameters requested are different than current active one (requested -> active):
  custom:video-decoder-ogg-theora: a1e56fd34408186e4bbccfd4996cb3dc -> 
  custom:container-muxer-webm: aa71ff27fc2769a1b78a27578f13a17b -> 
  custom:container-demuxer-webm: 4f35f7cbe854078d1ac9338744f61a02 -> 
  custom:container-demuxer-ogg: 62fdf1f143b41e24485cea50d1cbac27 -> 
  custom:video-encoder-webm-vp8: eb34c28f22e8b96e1ab97ce403110664 -> 
  custom:video-decoder-webm-vp8: 9c59270c3fd7afecdb556c50c9e8de78 -> 
  custom:audio-decoder-ogg-vorbis: bf7c407c2cedff20999df2af8eb42d56 -> 
  custom:audio-encoder-webm-vorbis: bf7c407c2cedff20999df2af8eb42d56 -> 
