Unity Editor version:    2020.3.18f1 (a7d1c678663c)
Branch:                  2020.3/staging
Build type:              Release
Batch mode:              YES
System name:             Linux
Distro version:          #1 SMP Debian 5.10.46-1kali1 (2021-06-25)
Kernel version:          5.10.0-kali9-amd64
Architecture:            x86_64
Available memory:        31711 MB
Using pre-set license
Pro License: NO
Desktop is 1920 x 1080 @ 60 Hz

COMMAND LINE ARGUMENTS:
Unity
-adb2
-batchMode
-noUpm
-name
AssetImportWorker0
-projectPath
/home/harold/Downloads/Golem and Pumpkins
-logFile
Logs/AssetImportWorker0.log
-srvPort
39113
Successfully changed project path to: /home/harold/Downloads/Golem and Pumpkins
/home/harold/Downloads/Golem and Pumpkins
Using Asset Import Pipeline V2.
Unable to load player prefs
Refreshing native plugins compatible for Editor in 28,04 ms, found 0 plugins.
Preloading 0 native plugins for Editor in 0,00 ms.
Initialize engine version: 2020.3.18f1 (a7d1c678663c)
[Subsystems] Discovering subsystems at path /home/harold/Unity/Hub/Editor/2020.3.18f1/Editor/Data/Resources/UnitySubsystems
[Subsystems] Discovering subsystems at path /home/harold/Downloads/Golem and Pumpkins/Assets
GLX Extensions: GLX_ARB_create_context GLX_ARB_create_context_no_error GLX_ARB_create_context_profile GLX_ARB_create_context_robustness GLX_ARB_fbconfig_float GLX_ARB_framebuffer_sRGB GLX_ARB_get_proc_address GLX_ARB_multisample GLX_EXT_buffer_age GLX_EXT_create_context_es2_profile GLX_EXT_create_context_es_profile GLX_EXT_fbconfig_packed_float GLX_EXT_framebuffer_sRGB GLX_EXT_import_context GLX_EXT_swap_control GLX_EXT_swap_control_tear GLX_EXT_texture_from_pixmap GLX_EXT_visual_info GLX_EXT_visual_rating GLX_INTEL_swap_event GLX_MESA_copy_sub_buffer GLX_MESA_query_renderer GLX_MESA_swap_control GLX_OML_swap_method GLX_OML_sync_control GLX_SGIS_multisample GLX_SGIX_fbconfig GLX_SGIX_pbuffer GLX_SGIX_visual_select_group GLX_SGI_make_current_read GLX_SGI_swap_control GLX_SGI_video_sync 
Renderer: Mesa Intel(R) UHD Graphics (CML GT2)
Vendor:   Intel
Version:  4.6 (Core Profile) Mesa 20.3.5
GLES:     0
 GL_3DFX_texture_compression_FXT1 GL_AMD_conservative_depth GL_AMD_depth_clamp_separate GL_AMD_draw_buffers_blend GL_AMD_gpu_shader_int64 GL_AMD_multi_draw_indirect GL_AMD_performance_monitor GL_AMD_pinned_memory GL_AMD_query_buffer_object GL_AMD_seamless_cubemap_per_texture GL_AMD_shader_stencil_export GL_AMD_shader_trinary_minmax GL_AMD_texture_texture4 GL_AMD_vertex_shader_layer GL_AMD_vertex_shader_viewport_index GL_ANGLE_texture_compression_dxt3 GL_ANGLE_texture_compression_dxt5 GL_ARB_ES2_compatibility GL_ARB_ES3_1_compatibility GL_ARB_ES3_2_compatibility GL_ARB_ES3_compatibility GL_ARB_arrays_of_arrays GL_ARB_base_instance GL_ARB_blend_func_extended GL_ARB_buffer_storage GL_ARB_clear_buffer_object GL_ARB_clear_texture GL_ARB_clip_control GL_ARB_compressed_texture_pixel_storage GL_ARB_compute_shader GL_ARB_compute_variable_group_size GL_ARB_conditional_render_inverted GL_ARB_conservative_depth GL_ARB_copy_buffer GL_ARB_copy_image GL_ARB_cull_distance GL_ARB_debug_output GL_ARB_depth_buffer_float GL_ARB
_depth_clamp GL_ARB_derivative_control GL_ARB_direct_state_access GL_ARB_draw_buffers GL_ARB_draw_buffers_blend GL_ARB_draw_elements_base_vertex GL_ARB_draw_indirect GL_ARB_draw_instanced GL_ARB_enhanced_layouts GL_ARB_explicit_attrib_location GL_ARB_explicit_uniform_location GL_ARB_fragment_coord_conventions GL_ARB_fragment_layer_viewport GL_ARB_fragment_shader GL_ARB_fragment_shader_interlock GL_ARB_framebuffer_no_attachments GL_ARB_framebuffer_object GL_ARB_framebuffer_sRGB GL_ARB_get_program_binary GL_ARB_get_texture_sub_image GL_ARB_gl_spirv GL_ARB_gpu_shader5 GL_ARB_gpu_shader_fp64 GL_ARB_gpu_shader_int64 GL_ARB_half_float_pixel GL_ARB_half_float_vertex GL_ARB_indirect_parameters GL_ARB_instanced_arrays GL_ARB_internalformat_query GL_ARB_internalformat_query2 GL_ARB_invalidate_subdata GL_ARB_map_buffer_alignment GL_ARB_map_buffer_range GL_ARB_multi_bind GL_ARB_multi_draw_indirect GL_ARB_occlusion_query2 GL_ARB_parallel_shader_compile GL_ARB_pipeline_statistics_query GL_ARB_pixel_buffer_object GL_ARB_po
int_sprite GL_ARB_polygon_offset_clamp GL_ARB_post_depth_coverage GL_ARB_program_interface_query GL_ARB_provoking_vertex GL_ARB_query_buffer_object GL_ARB_robust_buffer_access_behavior GL_ARB_robustness GL_ARB_sample_shading GL_ARB_sampler_objects GL_ARB_seamless_cube_map GL_ARB_seamless_cubemap_per_texture GL_ARB_separate_shader_objects GL_ARB_shader_atomic_counter_ops GL_ARB_shader_atomic_counters GL_ARB_shader_ballot GL_ARB_shader_bit_encoding GL_ARB_shader_clock GL_ARB_shader_draw_parameters GL_ARB_shader_group_vote GL_ARB_shader_image_load_store GL_ARB_shader_image_size GL_ARB_shader_objects GL_ARB_shader_precision GL_ARB_shader_stencil_export GL_ARB_shader_storage_buffer_object GL_ARB_shader_subroutine GL_ARB_shader_texture_image_samples GL_ARB_shader_texture_lod GL_ARB_shader_viewport_layer_array GL_ARB_shading_language_420pack GL_ARB_shading_language_include GL_ARB_shading_language_packing GL_ARB_spirv_extensions GL_ARB_stencil_texturing GL_ARB_sync GL_ARB_tessellation_shader GL_ARB_texture_barrier G
L_ARB_texture_buffer_object GL_ARB_texture_buffer_object_rgb32 GL_ARB_texture_buffer_range GL_ARB_texture_compression_bptc GL_ARB_texture_compression_rgtc GL_ARB_texture_cube_map_array GL_ARB_texture_filter_anisotropic GL_ARB_texture_float GL_ARB_texture_gather GL_ARB_texture_mirror_clamp_to_edge GL_ARB_texture_multisample GL_ARB_texture_non_power_of_two GL_ARB_texture_query_levels GL_ARB_texture_query_lod GL_ARB_texture_rectangle GL_ARB_texture_rg GL_ARB_texture_rgb10_a2ui GL_ARB_texture_stencil8 GL_ARB_texture_storage GL_ARB_texture_storage_multisample GL_ARB_texture_swizzle GL_ARB_texture_view GL_ARB_timer_query GL_ARB_transform_feedback2 GL_ARB_transform_feedback3 GL_ARB_transform_feedback_instanced GL_ARB_transform_feedback_overflow_query GL_ARB_uniform_buffer_object GL_ARB_vertex_array_bgra GL_ARB_vertex_array_object GL_ARB_vertex_attrib_64bit GL_ARB_vertex_attrib_binding GL_ARB_vertex_buffer_object GL_ARB_vertex_shader GL_ARB_vertex_type_10f_11f_11f_rev GL_ARB_vertex_type_2_10_10_10_rev GL_ARB_viewpor
t_array GL_ATI_blend_equation_separate GL_ATI_texture_float GL_EXT_EGL_image_storage GL_EXT_EGL_sync GL_EXT_abgr GL_EXT_blend_equation_separate GL_EXT_demote_to_helper_invocation GL_EXT_draw_buffers2 GL_EXT_draw_instanced GL_EXT_framebuffer_blit GL_EXT_framebuffer_multisample GL_EXT_framebuffer_multisample_blit_scaled GL_EXT_framebuffer_object GL_EXT_framebuffer_sRGB GL_EXT_packed_depth_stencil GL_EXT_packed_float GL_EXT_pixel_buffer_object GL_EXT_polygon_offset_clamp GL_EXT_provoking_vertex GL_EXT_semaphore GL_EXT_semaphore_fd GL_EXT_shader_framebuffer_fetch GL_EXT_shader_framebuffer_fetch_non_coherent GL_EXT_shader_integer_mix GL_EXT_shader_samples_identical GL_EXT_texture_array GL_EXT_texture_compression_dxt1 GL_EXT_texture_compression_rgtc GL_EXT_texture_compression_s3tc GL_EXT_texture_filter_anisotropic GL_EXT_texture_integer GL_EXT_texture_sRGB GL_EXT_texture_sRGB_R8 GL_EXT_texture_sRGB_decode GL_EXT_texture_shadow_lod GL_EXT_texture_shared_exponent GL_EXT_texture_snorm GL_EXT_texture_swizzle GL_EXT_ti
mer_query GL_EXT_transform_feedback GL_EXT_vertex_array_bgra GL_EXT_vertex_attrib_64bit GL_IBM_multimode_draw_arrays GL_INTEL_blackhole_render GL_INTEL_conservative_rasterization GL_INTEL_performance_query GL_INTEL_shader_atomic_float_minmax GL_INTEL_shader_integer_functions2 GL_KHR_blend_equation_advanced GL_KHR_blend_equation_advanced_coherent GL_KHR_context_flush_control GL_KHR_debug GL_KHR_no_error GL_KHR_parallel_shader_compile GL_KHR_robust_buffer_access_behavior GL_KHR_robustness GL_KHR_texture_compression_astc_ldr GL_KHR_texture_compression_astc_sliced_3d GL_MESA_framebuffer_flip_y GL_MESA_pack_invert GL_MESA_shader_integer_functions GL_MESA_texture_signed_rgba GL_NV_compute_shader_derivatives GL_NV_conditional_render GL_NV_copy_image GL_NV_depth_clamp GL_NV_fragment_shader_interlock GL_NV_packed_depth_stencil GL_NV_texture_barrier GL_OES_EGL_image GL_S3_s3tc
OPENGL LOG: Creating OpenGL 4.6 graphics device ; Context level  <OpenGL 4.5> ; Context handle 872904720
Initialize mono
Mono path[0] = '/home/harold/Unity/Hub/Editor/2020.3.18f1/Editor/Data/Managed'
Mono path[1] = '/home/harold/Unity/Hub/Editor/2020.3.18f1/Editor/Data/MonoBleedingEdge/lib/mono/unityjit'
Mono config path = '/home/harold/Unity/Hub/Editor/2020.3.18f1/Editor/Data/MonoBleedingEdge/etc'
Using monoOptions --debugger-agent=transport=dt_socket,embedding=1,server=y,suspend=n,address=127.0.0.1:56601
Begin MonoManager ReloadAssembly
Registering precompiled unity dll's ...
Register platform support module: /home/harold/Unity/Hub/Editor/2020.3.18f1/Editor/Data/PlaybackEngines/WebGLSupport/UnityEditor.WebGL.Extensions.dll
Register platform support module: /home/harold/Unity/Hub/Editor/2020.3.18f1/Editor/Data/PlaybackEngines/MacStandaloneSupport/UnityEditor.OSXStandalone.Extensions.dll
Register platform support module: /home/harold/Unity/Hub/Editor/2020.3.18f1/Editor/Data/PlaybackEngines/WindowsStandaloneSupport/UnityEditor.WindowsStandalone.Extensions.dll
Register platform support module: /home/harold/Unity/Hub/Editor/2020.3.18f1/Editor/Data/PlaybackEngines/LinuxStandaloneSupport/UnityEditor.LinuxStandalone.Extensions.dll
Registered in 0,001438 seconds.
Native extension for LinuxStandalone target not found
Native extension for WindowsStandalone target not found
Native extension for OSXStandalone target not found
Native extension for WebGL target not found
Refreshing native plugins compatible for Editor in 28,81 ms, found 0 plugins.
Preloading 0 native plugins for Editor in 0,00 ms.
Mono: successfully reloaded assembly
- Completed reload, in  1,416 seconds
Domain Reload Profiling:
	ReloadAssembly (1416ms)
		BeginReloadAssembly (32ms)
			ExecutionOrderSort (0ms)
			DisableScriptedObjects (0ms)
			BackupInstance (0ms)
			ReleaseScriptingObjects (0ms)
			CreateAndSetChildDomain (1ms)
		EndReloadAssembly (435ms)
			LoadAssemblies (31ms)
			RebuildTransferFunctionScriptingTraits (0ms)
			SetupTypeCache (163ms)
			ReleaseScriptCaches (0ms)
			RebuildScriptCaches (37ms)
			SetupLoadedEditorAssemblies (179ms)
				LogAssemblyErrors (0ms)
				InitializePlatformSupportModulesInManaged (6ms)
				SetLoadedEditorAssemblies (0ms)
				RefreshPlugins (29ms)
				BeforeProcessingInitializeOnLoad (9ms)
				ProcessInitializeOnLoadAttributes (103ms)
				ProcessInitializeOnLoadMethodAttributes (31ms)
				AfterProcessingInitializeOnLoad (0ms)
				EditorAssembliesLoaded (0ms)
			ExecutionOrderSort2 (0ms)
			AwakeInstancesAfterBackupRestoration (0ms)
Platform modules already initialized, skipping
Registering precompiled user dll's ...
Registered in 0,001359 seconds.
Begin MonoManager ReloadAssembly
Native extension for LinuxStandalone target not found
Native extension for WindowsStandalone target not found
Native extension for OSXStandalone target not found
Native extension for WebGL target not found
Refreshing native plugins compatible for Editor in 0,27 ms, found 0 plugins.
Preloading 0 native plugins for Editor in 0,00 ms.
Mono: successfully reloaded assembly
- Completed reload, in  0,976 seconds
Domain Reload Profiling:
	ReloadAssembly (976ms)
		BeginReloadAssembly (110ms)
			ExecutionOrderSort (0ms)
			DisableScriptedObjects (5ms)
			BackupInstance (0ms)
			ReleaseScriptingObjects (0ms)
			CreateAndSetChildDomain (15ms)
		EndReloadAssembly (812ms)
			LoadAssemblies (55ms)
			RebuildTransferFunctionScriptingTraits (0ms)
			SetupTypeCache (272ms)
			ReleaseScriptCaches (0ms)
			RebuildScriptCaches (48ms)
			SetupLoadedEditorAssemblies (307ms)
				LogAssemblyErrors (0ms)
				InitializePlatformSupportModulesInManaged (9ms)
				SetLoadedEditorAssemblies (0ms)
				RefreshPlugins (0ms)
				BeforeProcessingInitializeOnLoad (71ms)
				ProcessInitializeOnLoadAttributes (219ms)
				ProcessInitializeOnLoadMethodAttributes (4ms)
				AfterProcessingInitializeOnLoad (4ms)
				EditorAssembliesLoaded (0ms)
			ExecutionOrderSort2 (0ms)
			AwakeInstancesAfterBackupRestoration (7ms)
Platform modules already initialized, skipping
========================================================================
Worker process is ready to serve import requests
Launched and connected shader compiler UnityShaderCompiler after 0.01 seconds
Refreshing native plugins compatible for Editor in 0,34 ms, found 0 plugins.
Preloading 0 native plugins for Editor in 0,00 ms.
Unloading 1396 Unused Serialized files (Serialized files now loaded: 0)
System memory in use before: 59,3 MB.
System memory in use after: 59,3 MB.

Unloading 16 unused Assets to reduce memory usage. Loaded Objects now: 1831.
Total: 5,127448 ms (FindLiveObjects: 0,162005 ms CreateObjectMapping: 0,037502 ms MarkObjects: 4,816783 ms  DeleteObjects: 0,109896 ms)

AssetImportParameters requested are different than current active one (requested -> active):
  custom:video-decoder-ogg-theora: a1e56fd34408186e4bbccfd4996cb3dc -> 
  custom:container-muxer-webm: aa71ff27fc2769a1b78a27578f13a17b -> 
  custom:container-demuxer-webm: 4f35f7cbe854078d1ac9338744f61a02 -> 
  custom:container-demuxer-ogg: 62fdf1f143b41e24485cea50d1cbac27 -> 
  custom:video-encoder-webm-vp8: eb34c28f22e8b96e1ab97ce403110664 -> 
  custom:video-decoder-webm-vp8: 9c59270c3fd7afecdb556c50c9e8de78 -> 
  custom:audio-decoder-ogg-vorbis: bf7c407c2cedff20999df2af8eb42d56 -> 
  custom:audio-encoder-webm-vorbis: bf7c407c2cedff20999df2af8eb42d56 -> 
========================================================================
Received Import Request.
  path: Assets/Models
  artifactKey: Guid(2db85a31bc8f5d82f93241fbcf30ea4b) Importer(815301076,1909f56bfc062723c751e8b465ee728b)
Start importing Assets/Models using Guid(2db85a31bc8f5d82f93241fbcf30ea4b) Importer(815301076,1909f56bfc062723c751e8b465ee728b)  -> (artifact id: '66e3c87359af0476f5b851523facedd5') in 0,002795 seconds 
  Import took 0,004844 seconds .

========================================================================
Received Import Request.
  Time since last request: 0,000224 seconds.
  path: Assets/Textures/Ground.jpg
  artifactKey: Guid(871e7a00c1a564b9d805d55d034179a0) Importer(815301076,1909f56bfc062723c751e8b465ee728b)
Start importing Assets/Textures/Ground.jpg using Guid(871e7a00c1a564b9d805d55d034179a0) Importer(815301076,1909f56bfc062723c751e8b465ee728b)  -> (artifact id: '0ba56c0b20ae097866e0fe3187ad704e') in 0,037918 seconds 
  Import took 0,039802 seconds .

========================================================================
Received Import Request.
  Time since last request: 0,001032 seconds.
  path: Assets/Textures/Ground.jpg
  artifactKey: Guid(871e7a00c1a564b9d805d55d034179a0) Importer(815301076,1909f56bfc062723c751e8b465ee728b)
Start importing Assets/Textures/Ground.jpg using Guid(871e7a00c1a564b9d805d55d034179a0) Importer(815301076,1909f56bfc062723c751e8b465ee728b)  -> (artifact id: '0ba56c0b20ae097866e0fe3187ad704e') in 0,005310 seconds 
  Import took 0,007506 seconds .

========================================================================
Received Import Request.
  Time since last request: 2,437100 seconds.
  path: Assets/Models/Gates
  artifactKey: Guid(0a5fa6b86a75efc0db78ae21f77df96d) Importer(815301076,1909f56bfc062723c751e8b465ee728b)
Start importing Assets/Models/Gates using Guid(0a5fa6b86a75efc0db78ae21f77df96d) Importer(815301076,1909f56bfc062723c751e8b465ee728b)  -> (artifact id: '435e93f4c4673654369ea103a797b098') in 0,000558 seconds 
  Import took 0,002557 seconds .

========================================================================
Received Import Request.
  Time since last request: 0,133005 seconds.
  path: Assets/Models/Gates/gate_fbx.fbx
  artifactKey: Guid(0f4ccadc5f48b429ab07506ff1278935) Importer(815301076,1909f56bfc062723c751e8b465ee728b)
Start importing Assets/Models/Gates/gate_fbx.fbx using Guid(0f4ccadc5f48b429ab07506ff1278935) Importer(815301076,1909f56bfc062723c751e8b465ee728b)  -> (artifact id: '5b8fb0c44246ce428bba0e84b22a9527') in 0,354311 seconds 
  Import took 0,357002 seconds .

========================================================================
Received Import Request.
  Time since last request: 1,228738 seconds.
  path: Assets/Models/Gates/textures
  artifactKey: Guid(0adf0c308880545ca994dd5d7c79a009) Importer(815301076,1909f56bfc062723c751e8b465ee728b)
Start importing Assets/Models/Gates/textures using Guid(0adf0c308880545ca994dd5d7c79a009) Importer(815301076,1909f56bfc062723c751e8b465ee728b)  -> (artifact id: 'fd86aa82b20a646d6e6570343e960288') in 0,000578 seconds 
  Import took 0,002691 seconds .

========================================================================
Received Import Request.
  Time since last request: 0,137129 seconds.
  path: Assets/Models/Gates/textures/gate_diffuse.jpg
  artifactKey: Guid(1c8671796a67f45149a070be916cfbb9) Importer(815301076,1909f56bfc062723c751e8b465ee728b)
Start importing Assets/Models/Gates/textures/gate_diffuse.jpg using Guid(1c8671796a67f45149a070be916cfbb9) Importer(815301076,1909f56bfc062723c751e8b465ee728b)  -> (artifact id: 'a70a2ccacf5a411b62ca209036adc2d6') in 0,006209 seconds 
  Import took 0,008323 seconds .

========================================================================
Received Import Request.
  Time since last request: 0,000121 seconds.
  path: Assets/Models/Gates/textures/pillar_diffuse.jpg
  artifactKey: Guid(96c46901fad9a45f2953b822a0e022ec) Importer(815301076,1909f56bfc062723c751e8b465ee728b)
Start importing Assets/Models/Gates/textures/pillar_diffuse.jpg using Guid(96c46901fad9a45f2953b822a0e022ec) Importer(815301076,1909f56bfc062723c751e8b465ee728b)  -> (artifact id: '7996d9166244ef01ccce8861cf572c34') in 0,006160 seconds 
  Import took 0,008496 seconds .

========================================================================
Received Import Request.
  Time since last request: 0,000172 seconds.
  path: Assets/Models/Gates/textures/lightlower_normal.jpg
  artifactKey: Guid(be1a7a3a3dd5a44e48d9152a454a1cd9) Importer(815301076,1909f56bfc062723c751e8b465ee728b)
Start importing Assets/Models/Gates/textures/lightlower_normal.jpg using Guid(be1a7a3a3dd5a44e48d9152a454a1cd9) Importer(815301076,1909f56bfc062723c751e8b465ee728b)  -> (artifact id: 'dfa596eadc04d56c784921329d6056ea') in 0,011623 seconds 
  Import took 0,013801 seconds .

========================================================================
Received Import Request.
  Time since last request: 0,000166 seconds.
  path: Assets/Models/Gates/textures/gate_normal.jpg
  artifactKey: Guid(0464a1aa727814204ae240721fc69b7e) Importer(815301076,1909f56bfc062723c751e8b465ee728b)
Start importing Assets/Models/Gates/textures/gate_normal.jpg using Guid(0464a1aa727814204ae240721fc69b7e) Importer(815301076,1909f56bfc062723c751e8b465ee728b)  -> (artifact id: 'f3a9adb823017c6db1cf2c6910a308d6') in 0,009281 seconds 
  Import took 0,011344 seconds .

========================================================================
Received Import Request.
  Time since last request: 0,000134 seconds.
  path: Assets/Models/Gates/textures/lightupper_diffuse.jpg
  artifactKey: Guid(75eca8681d7cc4738b857e4b0a56b3e3) Importer(815301076,1909f56bfc062723c751e8b465ee728b)
Start importing Assets/Models/Gates/textures/lightupper_diffuse.jpg using Guid(75eca8681d7cc4738b857e4b0a56b3e3) Importer(815301076,1909f56bfc062723c751e8b465ee728b)  -> (artifact id: 'dc117e276f3e2f1e6b986885e4fd185f') in 0,005552 seconds 
  Import took 0,007822 seconds .

========================================================================
Received Import Request.
  Time since last request: 0,000139 seconds.
  path: Assets/Models/Gates/textures/gate_normal.jpg
  artifactKey: Guid(0464a1aa727814204ae240721fc69b7e) Importer(815301076,1909f56bfc062723c751e8b465ee728b)
Start importing Assets/Models/Gates/textures/gate_normal.jpg using Guid(0464a1aa727814204ae240721fc69b7e) Importer(815301076,1909f56bfc062723c751e8b465ee728b)  -> (artifact id: 'f3a9adb823017c6db1cf2c6910a308d6') in 0,006866 seconds 
  Import took 0,009016 seconds .

========================================================================
Received Import Request.
  Time since last request: 0,000114 seconds.
  path: Assets/Models/Gates/textures/lightupper_normal.jpg
  artifactKey: Guid(a749732598e224c548a176670e539bcf) Importer(815301076,1909f56bfc062723c751e8b465ee728b)
Start importing Assets/Models/Gates/textures/lightupper_normal.jpg using Guid(a749732598e224c548a176670e539bcf) Importer(815301076,1909f56bfc062723c751e8b465ee728b)  -> (artifact id: '668ea8a8e66f80452528cd7a62e22431') in 0,006887 seconds 
  Import took 0,008976 seconds .

========================================================================
Received Import Request.
  Time since last request: 0,000113 seconds.
  path: Assets/Models/Gates/textures/lightlower_diffuse.jpg
  artifactKey: Guid(e449d593d79bd4b8e846f256e277cc30) Importer(815301076,1909f56bfc062723c751e8b465ee728b)
Start importing Assets/Models/Gates/textures/lightlower_diffuse.jpg using Guid(e449d593d79bd4b8e846f256e277cc30) Importer(815301076,1909f56bfc062723c751e8b465ee728b)  -> (artifact id: '968dd6eca30f0f9eb166a0e066f26b1a') in 0,006297 seconds 
  Import took 0,008417 seconds .

========================================================================
Received Import Request.
  Time since last request: 0,000112 seconds.
  path: Assets/Models/Gates/textures/pillar_normalmap.jpg
  artifactKey: Guid(faaa75ca9e22e47c9b2b3db232cdd8de) Importer(815301076,1909f56bfc062723c751e8b465ee728b)
Start importing Assets/Models/Gates/textures/pillar_normalmap.jpg using Guid(faaa75ca9e22e47c9b2b3db232cdd8de) Importer(815301076,1909f56bfc062723c751e8b465ee728b)  -> (artifact id: 'd20bc01573d8f3d0e12dc51dc5d974ab') in 0,007015 seconds 
  Import took 0,009026 seconds .

========================================================================
Received Import Request.
  Time since last request: 0,000110 seconds.
  path: Assets/Models/Gates/textures/lightupper_normal.jpg
  artifactKey: Guid(a749732598e224c548a176670e539bcf) Importer(815301076,1909f56bfc062723c751e8b465ee728b)
Start importing Assets/Models/Gates/textures/lightupper_normal.jpg using Guid(a749732598e224c548a176670e539bcf) Importer(815301076,1909f56bfc062723c751e8b465ee728b)  -> (artifact id: '668ea8a8e66f80452528cd7a62e22431') in 0,006753 seconds 
  Import took 0,008745 seconds .

========================================================================
Received Import Request.
  Time since last request: 0,001543 seconds.
  path: Assets/Models/Gates/textures/pillar_normalmap.jpg
  artifactKey: Guid(faaa75ca9e22e47c9b2b3db232cdd8de) Importer(815301076,1909f56bfc062723c751e8b465ee728b)
Start importing Assets/Models/Gates/textures/pillar_normalmap.jpg using Guid(faaa75ca9e22e47c9b2b3db232cdd8de) Importer(815301076,1909f56bfc062723c751e8b465ee728b)  -> (artifact id: 'd20bc01573d8f3d0e12dc51dc5d974ab') in 0,007335 seconds 
  Import took 0,009521 seconds .

========================================================================
Received Prepare
Registering precompiled user dll's ...
Registered in 0,001324 seconds.
Begin MonoManager ReloadAssembly
Native extension for LinuxStandalone target not found
Native extension for WindowsStandalone target not found
Native extension for OSXStandalone target not found
Native extension for WebGL target not found
Refreshing native plugins compatible for Editor in 0,26 ms, found 0 plugins.
Preloading 0 native plugins for Editor in 0,00 ms.
Mono: successfully reloaded assembly
- Completed reload, in  0,890 seconds
Domain Reload Profiling:
	ReloadAssembly (890ms)
		BeginReloadAssembly (88ms)
			ExecutionOrderSort (0ms)
			DisableScriptedObjects (4ms)
			BackupInstance (0ms)
			ReleaseScriptingObjects (0ms)
			CreateAndSetChildDomain (36ms)
		EndReloadAssembly (745ms)
			LoadAssemblies (61ms)
			RebuildTransferFunctionScriptingTraits (0ms)
			SetupTypeCache (271ms)
			ReleaseScriptCaches (1ms)
			RebuildScriptCaches (44ms)
			SetupLoadedEditorAssemblies (256ms)
				LogAssemblyErrors (0ms)
				InitializePlatformSupportModulesInManaged (14ms)
				SetLoadedEditorAssemblies (0ms)
				RefreshPlugins (0ms)
				BeforeProcessingInitializeOnLoad (51ms)
				ProcessInitializeOnLoadAttributes (183ms)
				ProcessInitializeOnLoadMethodAttributes (3ms)
				AfterProcessingInitializeOnLoad (4ms)
				EditorAssembliesLoaded (0ms)
			ExecutionOrderSort2 (0ms)
			AwakeInstancesAfterBackupRestoration (7ms)
Platform modules already initialized, skipping
Refreshing native plugins compatible for Editor in 0,24 ms, found 0 plugins.
Preloading 0 native plugins for Editor in 0,00 ms.
Unloading 1398 Unused Serialized files (Serialized files now loaded: 0)
System memory in use before: 61,0 MB.
System memory in use after: 61,1 MB.

Unloading 11 unused Assets to reduce memory usage. Loaded Objects now: 1855.
Total: 3,862283 ms (FindLiveObjects: 0,126507 ms CreateObjectMapping: 0,030557 ms MarkObjects: 3,669584 ms  DeleteObjects: 0,034686 ms)

AssetImportParameters requested are different than current active one (requested -> active):
  custom:video-decoder-ogg-theora: a1e56fd34408186e4bbccfd4996cb3dc -> 
  custom:container-muxer-webm: aa71ff27fc2769a1b78a27578f13a17b -> 
  custom:container-demuxer-webm: 4f35f7cbe854078d1ac9338744f61a02 -> 
  custom:container-demuxer-ogg: 62fdf1f143b41e24485cea50d1cbac27 -> 
  custom:video-encoder-webm-vp8: eb34c28f22e8b96e1ab97ce403110664 -> 
  custom:video-decoder-webm-vp8: 9c59270c3fd7afecdb556c50c9e8de78 -> 
  custom:audio-decoder-ogg-vorbis: bf7c407c2cedff20999df2af8eb42d56 -> 
  custom:audio-encoder-webm-vorbis: bf7c407c2cedff20999df2af8eb42d56 -> 
AssetImportWorkerClient::OnTransportError - code=2 error=End of file
